This is pdfTeX, Version 3.14159265-2.6-1.40.19 (TeX Live 2018) (preloaded format=pdflatex 2018.4.16)  25 FEB 2020 14:42
entering extended mode
 restricted \write18 enabled.
 %&-line parsing enabled.
**treatment-effects.tex
(./treatment-effects.tex
LaTeX2e <2018-04-01> patch level 2
Babel <3.18> and hyphenation patterns for 84 language(s) loaded.
(../slideHeader.tex
(/usr/local/texlive/2018/texmf-dist/tex/latex/beamer/beamer.cls
Document Class: beamer 2018/02/20 v3.50 A class for typesetting presentations
(/usr/local/texlive/2018/texmf-dist/tex/latex/beamer/beamerbasemodes.sty
(/usr/local/texlive/2018/texmf-dist/tex/latex/etoolbox/etoolbox.sty
Package: etoolbox 2018/02/11 v2.5e e-TeX tools for LaTeX (JAW)
\etb@tempcnta=\count80
)
\beamer@tempbox=\box26
\beamer@tempcount=\count81
\c@beamerpauses=\count82

(/usr/local/texlive/2018/texmf-dist/tex/latex/beamer/beamerbasedecode.sty
\beamer@slideinframe=\count83
\beamer@minimum=\count84
)
\beamer@commentbox=\box27
\beamer@modecount=\count85
)
(/usr/local/texlive/2018/texmf-dist/tex/generic/oberdiek/ifpdf.sty
Package: ifpdf 2017/03/15 v3.2 Provides the ifpdf switch
)
\headdp=\dimen102
\footheight=\dimen103
\sidebarheight=\dimen104
\beamer@tempdim=\dimen105
\beamer@finalheight=\dimen106
\beamer@animht=\dimen107
\beamer@animdp=\dimen108
\beamer@animwd=\dimen109
\beamer@leftmargin=\dimen110
\beamer@rightmargin=\dimen111
\beamer@leftsidebar=\dimen112
\beamer@rightsidebar=\dimen113
\beamer@boxsize=\dimen114
\beamer@vboxoffset=\dimen115
\beamer@descdefault=\dimen116
\beamer@descriptionwidth=\dimen117
\beamer@lastskip=\skip41
\beamer@areabox=\box28
\beamer@animcurrent=\box29
\beamer@animshowbox=\box30
\beamer@sectionbox=\box31
\beamer@logobox=\box32
\beamer@linebox=\box33
\beamer@sectioncount=\count86
\beamer@subsubsectionmax=\count87
\beamer@subsectionmax=\count88
\beamer@sectionmax=\count89
\beamer@totalheads=\count90
\beamer@headcounter=\count91
\beamer@partstartpage=\count92
\beamer@sectionstartpage=\count93
\beamer@subsectionstartpage=\count94
\beamer@animationtempa=\count95
\beamer@animationtempb=\count96
\beamer@xpos=\count97
\beamer@ypos=\count98
\beamer@ypos@offset=\count99
\beamer@showpartnumber=\count100
\beamer@currentsubsection=\count101
\beamer@coveringdepth=\count102
\beamer@sectionadjust=\count103
\beamer@tocsectionnumber=\count104

(/usr/local/texlive/2018/texmf-dist/tex/latex/beamer/beamerbaseoptions.sty
(/usr/local/texlive/2018/texmf-dist/tex/latex/graphics/keyval.sty
Package: keyval 2014/10/28 v1.15 key=value parser (DPC)
\KV@toks@=\toks14
))
\beamer@paperwidth=\skip42
\beamer@paperheight=\skip43

(/usr/local/texlive/2018/texmf-dist/tex/latex/geometry/geometry.sty
Package: geometry 2018/03/24 v5.7 Page Geometry

(/usr/local/texlive/2018/texmf-dist/tex/generic/oberdiek/ifvtex.sty
Package: ifvtex 2016/05/16 v1.6 Detect VTeX and its facilities (HO)
Package ifvtex Info: VTeX not detected.
)
(/usr/local/texlive/2018/texmf-dist/tex/generic/ifxetex/ifxetex.sty
Package: ifxetex 2010/09/12 v0.6 Provides ifxetex conditional
)
\Gm@cnth=\count105
\Gm@cntv=\count106
\c@Gm@tempcnt=\count107
\Gm@bindingoffset=\dimen118
\Gm@wd@mp=\dimen119
\Gm@odd@mp=\dimen120
\Gm@even@mp=\dimen121
\Gm@layoutwidth=\dimen122
\Gm@layoutheight=\dimen123
\Gm@layouthoffset=\dimen124
\Gm@layoutvoffset=\dimen125
\Gm@dimlist=\toks15
)
(/usr/local/texlive/2018/texmf-dist/tex/latex/base/size11.clo
File: size11.clo 2014/09/29 v1.4h Standard LaTeX file (size option)
)
(/usr/local/texlive/2018/texmf-dist/tex/latex/pgf/basiclayer/pgfcore.sty
(/usr/local/texlive/2018/texmf-dist/tex/latex/graphics/graphicx.sty
Package: graphicx 2017/06/01 v1.1a Enhanced LaTeX Graphics (DPC,SPQR)

(/usr/local/texlive/2018/texmf-dist/tex/latex/graphics/graphics.sty
Package: graphics 2017/06/25 v1.2c Standard LaTeX Graphics (DPC,SPQR)

(/usr/local/texlive/2018/texmf-dist/tex/latex/graphics/trig.sty
Package: trig 2016/01/03 v1.10 sin cos tan (DPC)
)
(/usr/local/texlive/2018/texmf-dist/tex/latex/graphics-cfg/graphics.cfg
File: graphics.cfg 2016/06/04 v1.11 sample graphics configuration
)
Package graphics Info: Driver file: pdftex.def on input line 99.

(/usr/local/texlive/2018/texmf-dist/tex/latex/graphics-def/pdftex.def
File: pdftex.def 2018/01/08 v1.0l Graphics/color driver for pdftex
))
\Gin@req@height=\dimen126
\Gin@req@width=\dimen127
)
(/usr/local/texlive/2018/texmf-dist/tex/latex/pgf/systemlayer/pgfsys.sty
(/usr/local/texlive/2018/texmf-dist/tex/latex/pgf/utilities/pgfrcs.sty
(/usr/local/texlive/2018/texmf-dist/tex/generic/pgf/utilities/pgfutil-common.te
x
\pgfutil@everybye=\toks16
\pgfutil@tempdima=\dimen128
\pgfutil@tempdimb=\dimen129

(/usr/local/texlive/2018/texmf-dist/tex/generic/pgf/utilities/pgfutil-common-li
sts.tex))
(/usr/local/texlive/2018/texmf-dist/tex/generic/pgf/utilities/pgfutil-latex.def
\pgfutil@abb=\box34
(/usr/local/texlive/2018/texmf-dist/tex/latex/ms/everyshi.sty
Package: everyshi 2001/05/15 v3.00 EveryShipout Package (MS)
))
(/usr/local/texlive/2018/texmf-dist/tex/generic/pgf/utilities/pgfrcs.code.tex
Package: pgfrcs 2015/08/07 v3.0.1a (rcs-revision 1.31)
))
(/usr/local/texlive/2018/texmf-dist/tex/generic/pgf/systemlayer/pgfsys.code.tex
Package: pgfsys 2014/07/09 v3.0.1a (rcs-revision 1.48)
(/usr/local/texlive/2018/texmf-dist/tex/generic/pgf/utilities/pgfkeys.code.tex
\pgfkeys@pathtoks=\toks17
\pgfkeys@temptoks=\toks18

(/usr/local/texlive/2018/texmf-dist/tex/generic/pgf/utilities/pgfkeysfiltered.c
ode.tex
\pgfkeys@tmptoks=\toks19
))
\pgf@x=\dimen130
\pgf@y=\dimen131
\pgf@xa=\dimen132
\pgf@ya=\dimen133
\pgf@xb=\dimen134
\pgf@yb=\dimen135
\pgf@xc=\dimen136
\pgf@yc=\dimen137
\w@pgf@writea=\write3
\r@pgf@reada=\read1
\c@pgf@counta=\count108
\c@pgf@countb=\count109
\c@pgf@countc=\count110
\c@pgf@countd=\count111
\t@pgf@toka=\toks20
\t@pgf@tokb=\toks21
\t@pgf@tokc=\toks22

(/usr/local/texlive/2018/texmf-dist/tex/generic/pgf/systemlayer/pgf.cfg
File: pgf.cfg 2008/05/14  (rcs-revision 1.7)
)
Driver file for pgf: pgfsys-pdftex.def

(/usr/local/texlive/2018/texmf-dist/tex/generic/pgf/systemlayer/pgfsys-pdftex.d
ef
File: pgfsys-pdftex.def 2014/10/11  (rcs-revision 1.35)

(/usr/local/texlive/2018/texmf-dist/tex/generic/pgf/systemlayer/pgfsys-common-p
df.def
File: pgfsys-common-pdf.def 2013/10/10  (rcs-revision 1.13)
)))
(/usr/local/texlive/2018/texmf-dist/tex/generic/pgf/systemlayer/pgfsyssoftpath.
code.tex
File: pgfsyssoftpath.code.tex 2013/09/09  (rcs-revision 1.9)
\pgfsyssoftpath@smallbuffer@items=\count112
\pgfsyssoftpath@bigbuffer@items=\count113
)
(/usr/local/texlive/2018/texmf-dist/tex/generic/pgf/systemlayer/pgfsysprotocol.
code.tex
File: pgfsysprotocol.code.tex 2006/10/16  (rcs-revision 1.4)
)) (/usr/local/texlive/2018/texmf-dist/tex/latex/xcolor/xcolor.sty
Package: xcolor 2016/05/11 v2.12 LaTeX color extensions (UK)

(/usr/local/texlive/2018/texmf-dist/tex/latex/graphics-cfg/color.cfg
File: color.cfg 2016/01/02 v1.6 sample color configuration
)
Package xcolor Info: Driver file: pdftex.def on input line 225.

(/usr/local/texlive/2018/texmf-dist/tex/latex/colortbl/colortbl.sty
Package: colortbl 2012/02/13 v1.0a Color table columns (DPC)

(/usr/local/texlive/2018/texmf-dist/tex/latex/tools/array.sty
Package: array 2018/04/07 v2.4g Tabular extension package (FMi)
\col@sep=\dimen138
\ar@mcellbox=\box35
\extrarowheight=\dimen139
\NC@list=\toks23
\extratabsurround=\skip44
\backup@length=\skip45
\ar@cellbox=\box36
)
\everycr=\toks24
\minrowclearance=\skip46
)
\rownum=\count114
Package xcolor Info: Model `cmy' substituted by `cmy0' on input line 1348.
Package xcolor Info: Model `hsb' substituted by `rgb' on input line 1352.
Package xcolor Info: Model `RGB' extended on input line 1364.
Package xcolor Info: Model `HTML' substituted by `rgb' on input line 1366.
Package xcolor Info: Model `Hsb' substituted by `hsb' on input line 1367.
Package xcolor Info: Model `tHsb' substituted by `hsb' on input line 1368.
Package xcolor Info: Model `HSB' substituted by `hsb' on input line 1369.
Package xcolor Info: Model `Gray' substituted by `gray' on input line 1370.
Package xcolor Info: Model `wave' substituted by `hsb' on input line 1371.

(/usr/local/texlive/2018/texmf-dist/tex/latex/graphics/dvipsnam.def
File: dvipsnam.def 2016/06/17 v3.0m Driver-dependent file (DPC,SPQR)
))
(/usr/local/texlive/2018/texmf-dist/tex/generic/pgf/basiclayer/pgfcore.code.tex
Package: pgfcore 2010/04/11 v3.0.1a (rcs-revision 1.7)
(/usr/local/texlive/2018/texmf-dist/tex/generic/pgf/math/pgfmath.code.tex
(/usr/local/texlive/2018/texmf-dist/tex/generic/pgf/math/pgfmathcalc.code.tex
(/usr/local/texlive/2018/texmf-dist/tex/generic/pgf/math/pgfmathutil.code.tex)
(/usr/local/texlive/2018/texmf-dist/tex/generic/pgf/math/pgfmathparser.code.tex
\pgfmath@dimen=\dimen140
\pgfmath@count=\count115
\pgfmath@box=\box37
\pgfmath@toks=\toks25
\pgfmath@stack@operand=\toks26
\pgfmath@stack@operation=\toks27
)
(/usr/local/texlive/2018/texmf-dist/tex/generic/pgf/math/pgfmathfunctions.code.
tex
(/usr/local/texlive/2018/texmf-dist/tex/generic/pgf/math/pgfmathfunctions.basic
.code.tex)
(/usr/local/texlive/2018/texmf-dist/tex/generic/pgf/math/pgfmathfunctions.trigo
nometric.code.tex)
(/usr/local/texlive/2018/texmf-dist/tex/generic/pgf/math/pgfmathfunctions.rando
m.code.tex)
(/usr/local/texlive/2018/texmf-dist/tex/generic/pgf/math/pgfmathfunctions.compa
rison.code.tex)
(/usr/local/texlive/2018/texmf-dist/tex/generic/pgf/math/pgfmathfunctions.base.
code.tex)
(/usr/local/texlive/2018/texmf-dist/tex/generic/pgf/math/pgfmathfunctions.round
.code.tex)
(/usr/local/texlive/2018/texmf-dist/tex/generic/pgf/math/pgfmathfunctions.misc.
code.tex)
(/usr/local/texlive/2018/texmf-dist/tex/generic/pgf/math/pgfmathfunctions.integ
erarithmetics.code.tex)))
(/usr/local/texlive/2018/texmf-dist/tex/generic/pgf/math/pgfmathfloat.code.tex
\c@pgfmathroundto@lastzeros=\count116
))
(/usr/local/texlive/2018/texmf-dist/tex/generic/pgf/basiclayer/pgfcorepoints.co
de.tex
File: pgfcorepoints.code.tex 2013/10/07  (rcs-revision 1.27)
\pgf@picminx=\dimen141
\pgf@picmaxx=\dimen142
\pgf@picminy=\dimen143
\pgf@picmaxy=\dimen144
\pgf@pathminx=\dimen145
\pgf@pathmaxx=\dimen146
\pgf@pathminy=\dimen147
\pgf@pathmaxy=\dimen148
\pgf@xx=\dimen149
\pgf@xy=\dimen150
\pgf@yx=\dimen151
\pgf@yy=\dimen152
\pgf@zx=\dimen153
\pgf@zy=\dimen154
)
(/usr/local/texlive/2018/texmf-dist/tex/generic/pgf/basiclayer/pgfcorepathconst
ruct.code.tex
File: pgfcorepathconstruct.code.tex 2013/10/07  (rcs-revision 1.29)
\pgf@path@lastx=\dimen155
\pgf@path@lasty=\dimen156
)
(/usr/local/texlive/2018/texmf-dist/tex/generic/pgf/basiclayer/pgfcorepathusage
.code.tex
File: pgfcorepathusage.code.tex 2014/11/02  (rcs-revision 1.24)
\pgf@shorten@end@additional=\dimen157
\pgf@shorten@start@additional=\dimen158
)
(/usr/local/texlive/2018/texmf-dist/tex/generic/pgf/basiclayer/pgfcorescopes.co
de.tex
File: pgfcorescopes.code.tex 2015/05/08  (rcs-revision 1.46)
\pgfpic=\box38
\pgf@hbox=\box39
\pgf@layerbox@main=\box40
\pgf@picture@serial@count=\count117
)
(/usr/local/texlive/2018/texmf-dist/tex/generic/pgf/basiclayer/pgfcoregraphicst
ate.code.tex
File: pgfcoregraphicstate.code.tex 2014/11/02  (rcs-revision 1.12)
\pgflinewidth=\dimen159
)
(/usr/local/texlive/2018/texmf-dist/tex/generic/pgf/basiclayer/pgfcoretransform
ations.code.tex
File: pgfcoretransformations.code.tex 2015/08/07  (rcs-revision 1.20)
\pgf@pt@x=\dimen160
\pgf@pt@y=\dimen161
\pgf@pt@temp=\dimen162
)
(/usr/local/texlive/2018/texmf-dist/tex/generic/pgf/basiclayer/pgfcorequick.cod
e.tex
File: pgfcorequick.code.tex 2008/10/09  (rcs-revision 1.3)
)
(/usr/local/texlive/2018/texmf-dist/tex/generic/pgf/basiclayer/pgfcoreobjects.c
ode.tex
File: pgfcoreobjects.code.tex 2006/10/11  (rcs-revision 1.2)
)
(/usr/local/texlive/2018/texmf-dist/tex/generic/pgf/basiclayer/pgfcorepathproce
ssing.code.tex
File: pgfcorepathprocessing.code.tex 2013/09/09  (rcs-revision 1.9)
)
(/usr/local/texlive/2018/texmf-dist/tex/generic/pgf/basiclayer/pgfcorearrows.co
de.tex
File: pgfcorearrows.code.tex 2015/05/14  (rcs-revision 1.43)
\pgfarrowsep=\dimen163
)
(/usr/local/texlive/2018/texmf-dist/tex/generic/pgf/basiclayer/pgfcoreshade.cod
e.tex
File: pgfcoreshade.code.tex 2013/07/15  (rcs-revision 1.15)
\pgf@max=\dimen164
\pgf@sys@shading@range@num=\count118
)
(/usr/local/texlive/2018/texmf-dist/tex/generic/pgf/basiclayer/pgfcoreimage.cod
e.tex
File: pgfcoreimage.code.tex 2013/07/15  (rcs-revision 1.18)

(/usr/local/texlive/2018/texmf-dist/tex/generic/pgf/basiclayer/pgfcoreexternal.
code.tex
File: pgfcoreexternal.code.tex 2014/07/09  (rcs-revision 1.21)
\pgfexternal@startupbox=\box41
))
(/usr/local/texlive/2018/texmf-dist/tex/generic/pgf/basiclayer/pgfcorelayers.co
de.tex
File: pgfcorelayers.code.tex 2013/07/18  (rcs-revision 1.7)
)
(/usr/local/texlive/2018/texmf-dist/tex/generic/pgf/basiclayer/pgfcoretranspare
ncy.code.tex
File: pgfcoretransparency.code.tex 2013/09/30  (rcs-revision 1.5)
)
(/usr/local/texlive/2018/texmf-dist/tex/generic/pgf/basiclayer/pgfcorepatterns.
code.tex
File: pgfcorepatterns.code.tex 2013/11/07  (rcs-revision 1.5)
)))
(/usr/local/texlive/2018/texmf-dist/tex/latex/pgf/utilities/xxcolor.sty
Package: xxcolor 2003/10/24 ver 0.1
\XC@nummixins=\count119
\XC@countmixins=\count120
)
(/usr/local/texlive/2018/texmf-dist/tex/generic/oberdiek/atbegshi.sty
Package: atbegshi 2016/06/09 v1.18 At begin shipout hook (HO)

(/usr/local/texlive/2018/texmf-dist/tex/generic/oberdiek/infwarerr.sty
Package: infwarerr 2016/05/16 v1.4 Providing info/warning/error messages (HO)
)
(/usr/local/texlive/2018/texmf-dist/tex/generic/oberdiek/ltxcmds.sty
Package: ltxcmds 2016/05/16 v1.23 LaTeX kernel commands for general use (HO)
))
(/usr/local/texlive/2018/texmf-dist/tex/latex/hyperref/hyperref.sty
Package: hyperref 2018/02/06 v6.86b Hypertext links for LaTeX

(/usr/local/texlive/2018/texmf-dist/tex/generic/oberdiek/hobsub-hyperref.sty
Package: hobsub-hyperref 2016/05/16 v1.14 Bundle oberdiek, subset hyperref (HO)


(/usr/local/texlive/2018/texmf-dist/tex/generic/oberdiek/hobsub-generic.sty
Package: hobsub-generic 2016/05/16 v1.14 Bundle oberdiek, subset generic (HO)
Package: hobsub 2016/05/16 v1.14 Construct package bundles (HO)
Package hobsub Info: Skipping package `infwarerr' (already loaded).
Package hobsub Info: Skipping package `ltxcmds' (already loaded).
Package: ifluatex 2016/05/16 v1.4 Provides the ifluatex switch (HO)
Package ifluatex Info: LuaTeX not detected.
Package hobsub Info: Skipping package `ifvtex' (already loaded).
Package: intcalc 2016/05/16 v1.2 Expandable calculations with integers (HO)
Package hobsub Info: Skipping package `ifpdf' (already loaded).
Package: etexcmds 2016/05/16 v1.6 Avoid name clashes with e-TeX commands (HO)
Package etexcmds Info: Could not find \expanded.
(etexcmds)             That can mean that you are not using pdfTeX 1.50 or
(etexcmds)             that some package has redefined \expanded.
(etexcmds)             In the latter case, load this package earlier.
Package: kvsetkeys 2016/05/16 v1.17 Key value parser (HO)
Package: kvdefinekeys 2016/05/16 v1.4 Define keys (HO)
Package: pdftexcmds 2018/01/30 v0.27 Utility functions of pdfTeX for LuaTeX (HO
)
Package pdftexcmds Info: LuaTeX not detected.
Package pdftexcmds Info: \pdf@primitive is available.
Package pdftexcmds Info: \pdf@ifprimitive is available.
Package pdftexcmds Info: \pdfdraftmode found.
Package: pdfescape 2016/05/16 v1.14 Implements pdfTeX's escape features (HO)
Package: bigintcalc 2016/05/16 v1.4 Expandable calculations on big integers (HO
)
Package: bitset 2016/05/16 v1.2 Handle bit-vector datatype (HO)
Package: uniquecounter 2016/05/16 v1.3 Provide unlimited unique counter (HO)
)
Package hobsub Info: Skipping package `hobsub' (already loaded).
Package: letltxmacro 2016/05/16 v1.5 Let assignment for LaTeX macros (HO)
Package: hopatch 2016/05/16 v1.3 Wrapper for package hooks (HO)
Package: xcolor-patch 2016/05/16 xcolor patch
Package: atveryend 2016/05/16 v1.9 Hooks at the very end of document (HO)
Package hobsub Info: Skipping package `atbegshi' (already loaded).
Package: refcount 2016/05/16 v3.5 Data extraction from label references (HO)
Package: hycolor 2016/05/16 v1.8 Color options for hyperref/bookmark (HO)
)
(/usr/local/texlive/2018/texmf-dist/tex/latex/oberdiek/auxhook.sty
Package: auxhook 2016/05/16 v1.4 Hooks for auxiliary files (HO)
)
(/usr/local/texlive/2018/texmf-dist/tex/latex/oberdiek/kvoptions.sty
Package: kvoptions 2016/05/16 v3.12 Key value format for package options (HO)
)
\@linkdim=\dimen165
\Hy@linkcounter=\count121
\Hy@pagecounter=\count122

(/usr/local/texlive/2018/texmf-dist/tex/latex/hyperref/pd1enc.def
File: pd1enc.def 2018/02/06 v6.86b Hyperref: PDFDocEncoding definition (HO)
Now handling font encoding PD1 ...
... no UTF-8 mapping file for font encoding PD1
)
\Hy@SavedSpaceFactor=\count123

(/usr/local/texlive/2018/texmf-dist/tex/latex/latexconfig/hyperref.cfg
File: hyperref.cfg 2002/06/06 v1.2 hyperref configuration of TeXLive
)
Package hyperref Info: Option `bookmarks' set `true' on input line 4383.
Package hyperref Info: Option `bookmarksopen' set `true' on input line 4383.
Package hyperref Info: Option `implicit' set `false' on input line 4383.
Package hyperref Info: Hyper figures OFF on input line 4509.
Package hyperref Info: Link nesting OFF on input line 4514.
Package hyperref Info: Hyper index ON on input line 4517.
Package hyperref Info: Plain pages OFF on input line 4524.
Package hyperref Info: Backreferencing OFF on input line 4529.
Package hyperref Info: Implicit mode OFF; no redefinition of LaTeX internals.
Package hyperref Info: Bookmarks ON on input line 4762.
\c@Hy@tempcnt=\count124

(/usr/local/texlive/2018/texmf-dist/tex/latex/url/url.sty
\Urlmuskip=\muskip10
Package: url 2013/09/16  ver 3.4  Verb mode for urls, etc.
)
LaTeX Info: Redefining \url on input line 5115.
\XeTeXLinkMargin=\dimen166
\Fld@menulength=\count125
\Field@Width=\dimen167
\Fld@charsize=\dimen168
Package hyperref Info: Hyper figures OFF on input line 6369.
Package hyperref Info: Link nesting OFF on input line 6374.
Package hyperref Info: Hyper index ON on input line 6377.
Package hyperref Info: backreferencing OFF on input line 6384.
Package hyperref Info: Link coloring OFF on input line 6389.
Package hyperref Info: Link coloring with OCG OFF on input line 6394.
Package hyperref Info: PDF/A mode OFF on input line 6399.
LaTeX Info: Redefining \ref on input line 6439.
LaTeX Info: Redefining \pageref on input line 6443.
\Hy@abspage=\count126


Package hyperref Message: Stopped early.

)
Package hyperref Info: Driver (autodetected): hpdftex.
 (/usr/local/texlive/2018/texmf-dist/tex/latex/hyperref/hpdftex.def
File: hpdftex.def 2018/02/06 v6.86b Hyperref driver for pdfTeX
\Fld@listcount=\count127
\c@bookmark@seq@number=\count128

(/usr/local/texlive/2018/texmf-dist/tex/latex/oberdiek/rerunfilecheck.sty
Package: rerunfilecheck 2016/05/16 v1.8 Rerun checks for auxiliary files (HO)
Package uniquecounter Info: New unique counter `rerunfilecheck' on input line 2
82.
))
(/usr/local/texlive/2018/texmf-dist/tex/latex/beamer/beamerbaserequires.sty
(/usr/local/texlive/2018/texmf-dist/tex/latex/beamer/beamerbasecompatibility.st
y) (/usr/local/texlive/2018/texmf-dist/tex/latex/beamer/beamerbasefont.sty
(/usr/local/texlive/2018/texmf-dist/tex/latex/amsfonts/amssymb.sty
Package: amssymb 2013/01/14 v3.01 AMS font symbols

(/usr/local/texlive/2018/texmf-dist/tex/latex/amsfonts/amsfonts.sty
Package: amsfonts 2013/01/14 v3.01 Basic AMSFonts support
\@emptytoks=\toks28
\symAMSa=\mathgroup4
\symAMSb=\mathgroup5
LaTeX Font Info:    Overwriting math alphabet `\mathfrak' in version `bold'
(Font)                  U/euf/m/n --> U/euf/b/n on input line 106.
))
(/usr/local/texlive/2018/texmf-dist/tex/latex/sansmathaccent/sansmathaccent.sty
Package: sansmathaccent 2013/03/28
(/usr/local/texlive/2018/texmf-dist/tex/latex/filehook/filehook.sty
Package: filehook 2011/10/12 v0.5d Hooks for input files
)))
(/usr/local/texlive/2018/texmf-dist/tex/latex/beamer/beamerbasetranslator.sty
(/usr/local/texlive/2018/texmf-dist/tex/latex/translator/translator.sty
Package: translator 2018/01/04 v1.12 Easy translation of strings in LaTeX
))
(/usr/local/texlive/2018/texmf-dist/tex/latex/beamer/beamerbasemisc.sty)
(/usr/local/texlive/2018/texmf-dist/tex/latex/beamer/beamerbasetwoscreens.sty)
(/usr/local/texlive/2018/texmf-dist/tex/latex/beamer/beamerbaseoverlay.sty
\beamer@argscount=\count129
\beamer@lastskipcover=\skip47
\beamer@trivlistdepth=\count130
)
(/usr/local/texlive/2018/texmf-dist/tex/latex/beamer/beamerbasetitle.sty)
(/usr/local/texlive/2018/texmf-dist/tex/latex/beamer/beamerbasesection.sty
\c@lecture=\count131
\c@part=\count132
\c@section=\count133
\c@subsection=\count134
\c@subsubsection=\count135
)
(/usr/local/texlive/2018/texmf-dist/tex/latex/beamer/beamerbaseframe.sty
\beamer@framebox=\box42
\beamer@frametitlebox=\box43
\beamer@zoombox=\box44
\beamer@zoomcount=\count136
\beamer@zoomframecount=\count137
\beamer@frametextheight=\dimen169
\c@subsectionslide=\count138
\beamer@frametopskip=\skip48
\beamer@framebottomskip=\skip49
\beamer@frametopskipautobreak=\skip50
\beamer@framebottomskipautobreak=\skip51
\beamer@envbody=\toks29
\framewidth=\dimen170
\c@framenumber=\count139
)
(/usr/local/texlive/2018/texmf-dist/tex/latex/beamer/beamerbaseverbatim.sty
\beamer@verbatimfileout=\write4
)
(/usr/local/texlive/2018/texmf-dist/tex/latex/beamer/beamerbaseframesize.sty
\beamer@splitbox=\box45
\beamer@autobreakcount=\count140
\beamer@autobreaklastheight=\dimen171
\beamer@frametitletoks=\toks30
\beamer@framesubtitletoks=\toks31
)
(/usr/local/texlive/2018/texmf-dist/tex/latex/beamer/beamerbaseframecomponents.
sty
\beamer@footins=\box46
) (/usr/local/texlive/2018/texmf-dist/tex/latex/beamer/beamerbasecolor.sty
\beamer@bg@ht=\dimen172
\beamer@bg@wd=\dimen173
\beamer@bg@dp=\dimen174
)
(/usr/local/texlive/2018/texmf-dist/tex/latex/beamer/beamerbasenotes.sty
\beamer@frameboxcopy=\box47
)
(/usr/local/texlive/2018/texmf-dist/tex/latex/beamer/beamerbasetoc.sty)
(/usr/local/texlive/2018/texmf-dist/tex/latex/beamer/beamerbasetemplates.sty
\beamer@sbttoks=\toks32

(/usr/local/texlive/2018/texmf-dist/tex/latex/beamer/beamerbaseauxtemplates.sty
(/usr/local/texlive/2018/texmf-dist/tex/latex/beamer/beamerbaseboxes.sty
\bmb@box=\box48
\bmb@colorbox=\box49
\bmb@boxshadow=\box50
\bmb@boxshadowball=\box51
\bmb@boxshadowballlarge=\box52
\bmb@temp=\dimen175
\bmb@dima=\dimen176
\bmb@dimb=\dimen177
\bmb@prevheight=\dimen178
)
\beamer@blockheadheight=\dimen179
))
(/usr/local/texlive/2018/texmf-dist/tex/latex/beamer/beamerbaselocalstructure.s
ty (/usr/local/texlive/2018/texmf-dist/tex/latex/tools/enumerate.sty
Package: enumerate 2015/07/23 v3.00 enumerate extensions (DPC)
\@enLab=\toks33
)
\c@figure=\count141
\c@table=\count142
\abovecaptionskip=\skip52
\belowcaptionskip=\skip53
)
(/usr/local/texlive/2018/texmf-dist/tex/latex/beamer/beamerbasenavigation.sty
\beamer@section@min@dim=\dimen180
)
(/usr/local/texlive/2018/texmf-dist/tex/latex/beamer/beamerbasetheorems.sty
(/usr/local/texlive/2018/texmf-dist/tex/latex/amsmath/amsmath.sty
Package: amsmath 2017/09/02 v2.17a AMS math features
\@mathmargin=\skip54

For additional information on amsmath, use the `?' option.
(/usr/local/texlive/2018/texmf-dist/tex/latex/amsmath/amstext.sty
Package: amstext 2000/06/29 v2.01 AMS text

(/usr/local/texlive/2018/texmf-dist/tex/latex/amsmath/amsgen.sty
File: amsgen.sty 1999/11/30 v2.0 generic functions
\@emptytoks=\toks34
\ex@=\dimen181
))
(/usr/local/texlive/2018/texmf-dist/tex/latex/amsmath/amsbsy.sty
Package: amsbsy 1999/11/29 v1.2d Bold Symbols
\pmbraise@=\dimen182
)
(/usr/local/texlive/2018/texmf-dist/tex/latex/amsmath/amsopn.sty
Package: amsopn 2016/03/08 v2.02 operator names
)
\inf@bad=\count143
LaTeX Info: Redefining \frac on input line 213.
\uproot@=\count144
\leftroot@=\count145
LaTeX Info: Redefining \overline on input line 375.
\classnum@=\count146
\DOTSCASE@=\count147
LaTeX Info: Redefining \ldots on input line 472.
LaTeX Info: Redefining \dots on input line 475.
LaTeX Info: Redefining \cdots on input line 596.
\Mathstrutbox@=\box53
\strutbox@=\box54
\big@size=\dimen183
LaTeX Font Info:    Redeclaring font encoding OML on input line 712.
LaTeX Font Info:    Redeclaring font encoding OMS on input line 713.
\macc@depth=\count148
\c@MaxMatrixCols=\count149
\dotsspace@=\muskip11
\c@parentequation=\count150
\dspbrk@lvl=\count151
\tag@help=\toks35
\row@=\count152
\column@=\count153
\maxfields@=\count154
\andhelp@=\toks36
\eqnshift@=\dimen184
\alignsep@=\dimen185
\tagshift@=\dimen186
\tagwidth@=\dimen187
\totwidth@=\dimen188
\lineht@=\dimen189
\@envbody=\toks37
\multlinegap=\skip55
\multlinetaggap=\skip56
\mathdisplay@stack=\toks38
LaTeX Info: Redefining \[ on input line 2817.
LaTeX Info: Redefining \] on input line 2818.
)
(/usr/local/texlive/2018/texmf-dist/tex/latex/amscls/amsthm.sty
Package: amsthm 2017/10/31 v2.20.4
\thm@style=\toks39
\thm@bodyfont=\toks40
\thm@headfont=\toks41
\thm@notefont=\toks42
\thm@headpunct=\toks43
\thm@preskip=\skip57
\thm@postskip=\skip58
\thm@headsep=\skip59
\dth@everypar=\toks44
)
\c@theorem=\count155
)
(/usr/local/texlive/2018/texmf-dist/tex/latex/beamer/beamerbasethemes.sty))
(/usr/local/texlive/2018/texmf-dist/tex/latex/beamer/beamerthemedefault.sty
(/usr/local/texlive/2018/texmf-dist/tex/latex/beamer/beamerfontthemedefault.sty
)
(/usr/local/texlive/2018/texmf-dist/tex/latex/beamer/beamercolorthemedefault.st
y)
(/usr/local/texlive/2018/texmf-dist/tex/latex/beamer/beamerinnerthemedefault.st
y
\beamer@dima=\dimen190
\beamer@dimb=\dimen191
)
(/usr/local/texlive/2018/texmf-dist/tex/latex/beamer/beamerouterthemedefault.st
y)))
(/usr/local/texlive/2018/texmf-dist/tex/latex/beamer/beamerfontthemeserif.sty)
(/usr/local/texlive/2018/texmf-dist/tex/latex/beamer/beamerthemeHannover.sty
(/usr/local/texlive/2018/texmf-dist/tex/latex/beamer/beamerouterthemesidebar.st
y
\beamer@sidebarwidth=\dimen192
\beamer@headheight=\dimen193
)
(/usr/local/texlive/2018/texmf-dist/tex/latex/beamer/beamercolorthemeseahorse.s
ty)
(/usr/local/texlive/2018/texmf-dist/tex/latex/beamer/beamerinnerthemecircles.st
y)) (/usr/local/texlive/2018/texmf-dist/tex/generic/babel/babel.sty
Package: babel 2018/02/14 3.18 The Babel package

(/usr/local/texlive/2018/texmf-dist/tex/generic/babel/switch.def
File: switch.def 2018/02/14 3.18 Babel switching mechanism
)
(/usr/local/texlive/2018/texmf-dist/tex/generic/babel-english/english.ldf
Language: english 2017/06/06 v3.3r English support from the babel system

(/usr/local/texlive/2018/texmf-dist/tex/generic/babel/babel.def
File: babel.def 2018/02/14 3.18 Babel common definitions
\babel@savecnt=\count156
\U@D=\dimen194

(/usr/local/texlive/2018/texmf-dist/tex/generic/babel/txtbabel.def)
LaTeX Info: Redefining \textlatin on input line 1839.
\bbl@dirlevel=\count157
)
\l@canadian = a dialect from \language\l@american 
\l@australian = a dialect from \language\l@british 
\l@newzealand = a dialect from \language\l@british 
))
(/usr/local/texlive/2018/texmf-dist/tex/latex/pgf/basiclayer/pgf.sty
Package: pgf 2015/08/07 v3.0.1a (rcs-revision 1.15)

(/usr/local/texlive/2018/texmf-dist/tex/generic/pgf/modules/pgfmoduleshapes.cod
e.tex
File: pgfmoduleshapes.code.tex 2014/03/21  (rcs-revision 1.35)
\pgfnodeparttextbox=\box55
)
(/usr/local/texlive/2018/texmf-dist/tex/generic/pgf/modules/pgfmoduleplot.code.
tex
File: pgfmoduleplot.code.tex 2015/08/03  (rcs-revision 1.13)
)
(/usr/local/texlive/2018/texmf-dist/tex/latex/pgf/compatibility/pgfcomp-version
-0-65.sty
Package: pgfcomp-version-0-65 2007/07/03 v3.0.1a (rcs-revision 1.7)
\pgf@nodesepstart=\dimen195
\pgf@nodesepend=\dimen196
)
(/usr/local/texlive/2018/texmf-dist/tex/latex/pgf/compatibility/pgfcomp-version
-1-18.sty
Package: pgfcomp-version-1-18 2007/07/23 v3.0.1a (rcs-revision 1.1)
))
(/usr/local/texlive/2018/texmf-dist/tex/latex/pgf/compatibility/pgfarrows.sty
Package: pgfarrows 2006/10/11 v3.0.1a (rcs-revision 1.3)


Package pgfarrows Warning: This package is obsolete. pgf.sty will load arrow ma
nagement automatically on input line 17.

) (/usr/local/texlive/2018/texmf-dist/tex/latex/pgf/compatibility/pgfnodes.sty
Package: pgfnodes 2006/10/11 v3.0.1a (rcs-revision 1.3)


Package pgfnodes Warning: This package is obsolete. pgf.sty will load node mana
gement automatically on input line 17.

)
(/usr/local/texlive/2018/texmf-dist/tex/latex/pgf/compatibility/pgfautomata.sty
Package: pgfautomata 2006/10/11 v3.0.1a (rcs-revision 1.3)

Package pgfautomata Warning: This package is obsolete. on input line 17.

\pgf@stateradius=\dimen197
\pgf@mooreradius=\dimen198
\pgf@doublethickness=\dimen199
\pgf@statebackoff=\dimen256
) (/usr/local/texlive/2018/texmf-dist/tex/latex/pgf/compatibility/pgfheaps.sty
Package: pgfheaps 2006/10/11 v3.0.1a (rcs-revision 1.3)


Package pgfheaps Warning: This package is obsolete. on input line 16.

\pgf@heapx=\dimen257
\pgf@heapy=\dimen258
) (/usr/local/texlive/2018/texmf-dist/tex/latex/setspace/setspace.sty
Package: setspace 2011/12/19 v6.7a set line spacing
)
(/usr/local/texlive/2018/texmf-dist/tex/latex/base/inputenc.sty
Package: inputenc 2018/04/06 v1.3b Input encoding file
\inpenc@prehook=\toks45
\inpenc@posthook=\toks46

(/usr/local/texlive/2018/texmf-dist/tex/latex/base/latin1.def
File: latin1.def 2018/04/06 v1.3b Input encoding file
))
(/usr/local/texlive/2018/texmf-dist/tex/latex/base/fontenc.sty
Package: fontenc 2017/04/05 v2.0i Standard LaTeX package

(/usr/local/texlive/2018/texmf-dist/tex/latex/base/t1enc.def
File: t1enc.def 2017/04/05 v2.0i Standard LaTeX file
LaTeX Font Info:    Redeclaring font encoding T1 on input line 48.
))
(/usr/local/texlive/2018/texmf-dist/tex/latex/relsize/relsize.sty
Package: relsize 2013/03/29 ver 4.1
)
(/usr/local/texlive/2018/texmf-dist/tex/latex/comment/comment.sty
\CommentStream=\write5

Excluding comment 'comment')
(/usr/local/texlive/2018/texmf-dist/tex/latex/textpos/textpos.sty
Package: textpos 2016/06/07 v1.8

Package: textpos 2016/06/07 1.8, absolute positioning of text on the page
\TP@textbox=\box56
\TP@holdbox=\box57
\TPHorizModule=\dimen259
\TPVertModule=\dimen260
\TP@margin=\dimen261
\TP@absmargin=\dimen262
Grid set 16 x 16 = 28.45274pt x 16.00467pt
\TPboxrulesize=\dimen263
\TP@ox=\dimen264
\TP@oy=\dimen265
\TP@tbargs=\toks47
\TP@prevdepth=\dimen266
TextBlockOrigin set to 0pt x 0pt
)
Package hyperref Info: Option `colorlinks' set `true' on input line 37.
Package hyperref Info: Option `linktocpage' set `true' on input line 37.
 (/usr/local/texlive/2018/texmf-dist/tex/latex/natbib/natbib.sty
Package: natbib 2010/09/13 8.31b (PWD, AO)
\bibhang=\skip60
\bibsep=\skip61
LaTeX Info: Redefining \cite on input line 694.
\c@NAT@ctr=\count158
)
(/usr/local/texlive/2018/texmf-dist/tex/latex/natbib/bibentry.sty
Package: bibentry 2007/10/30 1.5 (PWD)
))
(./treatment-effects.aux)
\openout1 = `treatment-effects.aux'.

LaTeX Font Info:    Checking defaults for OML/cmm/m/it on input line 11.
LaTeX Font Info:    ... okay on input line 11.
LaTeX Font Info:    Checking defaults for T1/cmr/m/n on input line 11.
LaTeX Font Info:    ... okay on input line 11.
LaTeX Font Info:    Checking defaults for OT1/cmr/m/n on input line 11.
LaTeX Font Info:    ... okay on input line 11.
LaTeX Font Info:    Checking defaults for OMS/cmsy/m/n on input line 11.
LaTeX Font Info:    ... okay on input line 11.
LaTeX Font Info:    Checking defaults for OMX/cmex/m/n on input line 11.
LaTeX Font Info:    ... okay on input line 11.
LaTeX Font Info:    Checking defaults for U/cmr/m/n on input line 11.
LaTeX Font Info:    ... okay on input line 11.
LaTeX Font Info:    Checking defaults for PD1/pdf/m/n on input line 11.
LaTeX Font Info:    ... okay on input line 11.

*geometry* driver: auto-detecting
*geometry* detected driver: pdftex
*geometry* verbose mode - [ preamble ] result:
* driver: pdftex
* paper: custom
* layout: <same size as paper>
* layoutoffset:(h,v)=(0.0pt,0.0pt)
* modes: includehead includefoot 
* h-part:(L,W,R)=(59.22636pt, 381.79135pt, 14.22636pt)
* v-part:(T,H,B)=(0.0pt, 256.0748pt, 0.0pt)
* \paperwidth=455.24408pt
* \paperheight=256.0748pt
* \textwidth=381.79135pt
* \textheight=227.62207pt
* \oddsidemargin=-13.04362pt
* \evensidemargin=-13.04362pt
* \topmargin=-72.26999pt
* \headheight=14.22636pt
* \headsep=0.0pt
* \topskip=11.0pt
* \footskip=14.22636pt
* \marginparwidth=4.0pt
* \marginparsep=10.0pt
* \columnsep=10.0pt
* \skip\footins=10.0pt plus 4.0pt minus 2.0pt
* \hoffset=0.0pt
* \voffset=0.0pt
* \mag=1000
* \@twocolumnfalse
* \@twosidefalse
* \@mparswitchfalse
* \@reversemarginfalse
* (1in=72.27pt=25.4mm, 1cm=28.453pt)

(/usr/local/texlive/2018/texmf-dist/tex/context/base/mkii/supp-pdf.mkii
[Loading MPS to PDF converter (version 2006.09.02).]
\scratchcounter=\count159
\scratchdimen=\dimen267
\scratchbox=\box58
\nofMPsegments=\count160
\nofMParguments=\count161
\everyMPshowfont=\toks48
\MPscratchCnt=\count162
\MPscratchDim=\dimen268
\MPnumerator=\count163
\makeMPintoPDFobject=\count164
\everyMPtoPDFconversion=\toks49
) (/usr/local/texlive/2018/texmf-dist/tex/latex/oberdiek/epstopdf-base.sty
Package: epstopdf-base 2016/05/15 v2.6 Base part for package epstopdf

(/usr/local/texlive/2018/texmf-dist/tex/latex/oberdiek/grfext.sty
Package: grfext 2016/05/16 v1.2 Manage graphics extensions (HO)
)
Package epstopdf-base Info: Redefining graphics rule for `.eps' on input line 4
38.
Package grfext Info: Graphics extension search list:
(grfext)             [.pdf,.png,.jpg,.mps,.jpeg,.jbig2,.jb2,.PDF,.PNG,.JPG,.JPE
G,.JBIG2,.JB2,.eps]
(grfext)             \AppendGraphicsExtensions on input line 456.

(/usr/local/texlive/2018/texmf-dist/tex/latex/latexconfig/epstopdf-sys.cfg
File: epstopdf-sys.cfg 2010/07/13 v1.3 Configuration of (r)epstopdf for TeX Liv
e
))
ABD: EveryShipout initializing macros
\AtBeginShipoutBox=\box59
Package hyperref Info: Link coloring ON on input line 11.

(/usr/local/texlive/2018/texmf-dist/tex/latex/hyperref/nameref.sty
Package: nameref 2016/05/21 v2.44 Cross-referencing by name of section

(/usr/local/texlive/2018/texmf-dist/tex/generic/oberdiek/gettitlestring.sty
Package: gettitlestring 2016/05/16 v1.5 Cleanup title references (HO)
)
\c@section@level=\count165
)
LaTeX Info: Redefining \ref on input line 11.
LaTeX Info: Redefining \pageref on input line 11.
LaTeX Info: Redefining \nameref on input line 11.

(./treatment-effects.out) (./treatment-effects.out)
\@outlinefile=\write6
\openout6 = `treatment-effects.out'.


(/usr/local/texlive/2018/texmf-dist/tex/latex/translator/translator-basic-dicti
onary-English.dict
Dictionary: translator-basic-dictionary, Language: English 
)
(/usr/local/texlive/2018/texmf-dist/tex/latex/translator/translator-bibliograph
y-dictionary-English.dict
Dictionary: translator-bibliography-dictionary, Language: English 
)
(/usr/local/texlive/2018/texmf-dist/tex/latex/translator/translator-environment
-dictionary-English.dict
Dictionary: translator-environment-dictionary, Language: English 
)
(/usr/local/texlive/2018/texmf-dist/tex/latex/translator/translator-months-dict
ionary-English.dict
Dictionary: translator-months-dictionary, Language: English 
)
(/usr/local/texlive/2018/texmf-dist/tex/latex/translator/translator-numbers-dic
tionary-English.dict
Dictionary: translator-numbers-dictionary, Language: English 
)
(/usr/local/texlive/2018/texmf-dist/tex/latex/translator/translator-theorem-dic
tionary-English.dict
Dictionary: translator-theorem-dictionary, Language: English 
) (./treatment-effects.nav) [1{/usr/local/texlive/2018/texmf-var/fonts/map/pdft
ex/updmap/pdftex.map}

] (./treatment-effects.toc) [2

]
LaTeX Font Info:    Try loading font information for U+msa on input line 29.

(/usr/local/texlive/2018/texmf-dist/tex/latex/amsfonts/umsa.fd
File: umsa.fd 2013/01/14 v3.01 AMS symbols A
)
LaTeX Font Info:    Try loading font information for U+msb on input line 29.

(/usr/local/texlive/2018/texmf-dist/tex/latex/amsfonts/umsb.fd
File: umsb.fd 2013/01/14 v3.01 AMS symbols B
) [3

] [4

]
[5

] [6

] [7

] [8

] [9

] [10

] [11

] [12

] [13

] [14

] [15

] [16

] [17

] [18

] [19

] [20

]
<./resources/figure1.pdf, id=497, 397.485pt x 289.08pt>
File: ./resources/figure1.pdf Graphic file (type pdf)
<use ./resources/figure1.pdf>
Package pdftex.def Info: ./resources/figure1.pdf  used on input line 286.
(pdftex.def)             Requested size: 289.07999pt x 210.2459pt.

[21

 <./resources/figure1.pdf>] [22

] [23

] [24

] [25

]
<./resources/imbensAEAPsWeight.png, id=607, 458.46281pt x 324.46219pt>
File: ./resources/imbensAEAPsWeight.png Graphic file (type png)
<use ./resources/imbensAEAPsWeight.png>
Package pdftex.def Info: ./resources/imbensAEAPsWeight.png  used on input line 
377.
(pdftex.def)             Requested size: 252.15532pt x 178.45474pt.
 [26

 <./resources/imbensAEAPsWeight.png>] [27

] [28

] [29

]
<./resources/ToPooling.png, id=690, 551.81157pt x 417.05812pt>
File: ./resources/ToPooling.png Graphic file (type png)
<use ./resources/ToPooling.png>
Package pdftex.def Info: ./resources/ToPooling.png  used on input line 431.
(pdftex.def)             Requested size: 343.60988pt x 259.71248pt.

Overfull \vbox (64.5953pt too high) detected at line 431
 []

[30

 <./resources/ToPooling.png>] [31

] [32

] [33


] [34

] [35

] [36

] [37

]
Excluding 'comment' comment. [38

] [39

] [40

] [41

] [42

] [43

] [44

]
Excluding 'comment' comment. [45

]
<./resources/DobbieAbstract.png, id=1001, 609.02531pt x 481.8pt>
File: ./resources/DobbieAbstract.png Graphic file (type png)
<use ./resources/DobbieAbstract.png>
Package pdftex.def Info: ./resources/DobbieAbstract.png  used on input line 717
.
(pdftex.def)             Requested size: 246.83975pt x 195.27754pt.

Overfull \vbox (0.16037pt too high) detected at line 717
 []

[46

 <./resources/DobbieAbstract.png>]
<./resources/DobbieStats.png, id=1022, 409.53pt x 365.86688pt>
File: ./resources/DobbieStats.png Graphic file (type png)
<use ./resources/DobbieStats.png>
Package pdftex.def Info: ./resources/DobbieStats.png  used on input line 724.
(pdftex.def)             Requested size: 218.58084pt x 195.27754pt.

Overfull \vbox (0.16037pt too high) detected at line 724
 []

[47

 <./resources/DobbieStats.png>]
<./resources/DobbieFirstStageGraph.png, id=1044, 639.89063pt x 439.6425pt>
File: ./resources/DobbieFirstStageGraph.png Graphic file (type png)
<use ./resources/DobbieFirstStageGraph.png>
Package pdftex.def Info: ./resources/DobbieFirstStageGraph.png  used on input l
ine 731.
(pdftex.def)             Requested size: 284.21829pt x 195.27754pt.

Overfull \vbox (0.16037pt too high) detected at line 731
 []

[48

 <./resources/DobbieFirstStageGraph.png>]
<./resources/DobbieRandomization.png, id=1065, 408.02437pt x 506.6428pt>
File: ./resources/DobbieRandomization.png Graphic file (type png)
<use ./resources/DobbieRandomization.png>
Package pdftex.def Info: ./resources/DobbieRandomization.png  used on input lin
e 738.
(pdftex.def)             Requested size: 157.26108pt x 195.27754pt.

Overfull \vbox (0.16037pt too high) detected at line 738
 []

[49

 <./resources/DobbieRandomization.png>]
<./resources/DobbieResults.png, id=1087, 663.98062pt x 601.4972pt>
File: ./resources/DobbieResults.png Graphic file (type png)
<use ./resources/DobbieResults.png>
Package pdftex.def Info: ./resources/DobbieResults.png  used on input line 745.

(pdftex.def)             Requested size: 215.5581pt x 195.27754pt.

Overfull \vbox (0.16037pt too high) detected at line 745
 []

[50

 <./resources/DobbieResults.png>]
<./resources/DobbieCompliers.png, id=1108, 480.29437pt x 126.4725pt>
File: ./resources/DobbieCompliers.png Graphic file (type png)
<use ./resources/DobbieCompliers.png>
Package pdftex.def Info: ./resources/DobbieCompliers.png  used on input line 75
5.
(pdftex.def)             Requested size: 343.60988pt x 90.48117pt.
 [51

 <./resources/DobbieCompliers.png>]
File: ./resources/DobbieCompliers.png Graphic file (type png)
<use ./resources/DobbieCompliers.png>
Package pdftex.def Info: ./resources/DobbieCompliers.png  used on input line 75
5.
(pdftex.def)             Requested size: 343.60988pt x 90.48117pt.

[52

]
<./resources/DobbieComplierStats.png, id=1148, 590.205pt x 515.67656pt>
File: ./resources/DobbieComplierStats.png Graphic file (type png)
<use ./resources/DobbieComplierStats.png>
Package pdftex.def Info: ./resources/DobbieComplierStats.png  used on input lin
e 764.
(pdftex.def)             Requested size: 223.49672pt x 195.27754pt.

Overfull \vbox (22.48901pt too high) detected at line 764
 []

[53

 <./resources/DobbieComplierStats.png>] [54

]
<./resources/DamsAbstract.png, id=1189, 691.08188pt x 450.18187pt>
File: ./resources/DamsAbstract.png Graphic file (type png)
<use ./resources/DamsAbstract.png>
Package pdftex.def Info: ./resources/DamsAbstract.png  used on input line 779.
(pdftex.def)             Requested size: 343.60988pt x 223.83331pt.

Overfull \vbox (28.71614pt too high) detected at line 779
 []

[55

 <./resources/DamsAbstract.png>] [56

] [57

]
<./resources/StockNBERIV.png, id=1248, 736.25063pt x 551.05875pt>
File: ./resources/StockNBERIV.png Graphic file (type png)
<use ./resources/StockNBERIV.png>
Package pdftex.def Info: ./resources/StockNBERIV.png  used on input line 813.
(pdftex.def)             Requested size: 260.90457pt x 195.27754pt.
 [58

 <./resources/StockNBERIV.png>]
<./resources/StockNBER2sls.png, id=1270, 730.98094pt x 532.99126pt>
File: ./resources/StockNBER2sls.png Graphic file (type png)
<use ./resources/StockNBER2sls.png>
Package pdftex.def Info: ./resources/StockNBER2sls.png  used on input line 820.

(pdftex.def)             Requested size: 267.81525pt x 195.27754pt.
 [59

 <./resources/StockNBER2sls.png>] [60

] [61

] [62

] [63

] [64

]
<./resources/belloniTakingsResults.png, id=1391, 519.44063pt x 530.73282pt>
File: ./resources/belloniTakingsResults.png Graphic file (type png)
<use ./resources/belloniTakingsResults.png>
Package pdftex.def Info: ./resources/belloniTakingsResults.png  used on input l
ine 887.
(pdftex.def)             Requested size: 191.12001pt x 195.27754pt.
 [65

 <./resources/belloniTakingsResults.png>] [66

]
Overfull \vbox (9.24922pt too high) detected at line 917
 []

[67

]
<./resources/ll-fig1.png, id=1453, 497.86pt x 297.11pt>
File: ./resources/ll-fig1.png Graphic file (type png)
<use ./resources/ll-fig1.png>
Package pdftex.def Info: ./resources/ll-fig1.png  used on input line 924.
(pdftex.def)             Requested size: 381.79135pt x 227.84602pt.

Overfull \vbox (32.72885pt too high) detected at line 924
 []

[68

 <./resources/ll-fig1.png>] [69

] [70

]
<./resources/ll-fig2.png, id=1518, 494.84875pt x 325.215pt>
File: ./resources/ll-fig2.png Graphic file (type png)
<use ./resources/ll-fig2.png>
Package pdftex.def Info: ./resources/ll-fig2.png  used on input line 968.
(pdftex.def)             Requested size: 297.13806pt x 195.27754pt.

Overfull \vbox (0.16037pt too high) detected at line 968
 []

[71

 <./resources/ll-fig2.png>]
<./resources/CatteneoLocpoly.png, id=1539, 380.92313pt x 398.48875pt>
File: ./resources/CatteneoLocpoly.png Graphic file (type png)
<use ./resources/CatteneoLocpoly.png>
Package pdftex.def Info: ./resources/CatteneoLocpoly.png  used on input line 97
4.
(pdftex.def)             Requested size: 186.66557pt x 195.27754pt.

Overfull \vbox (0.16037pt too high) detected at line 974
 []

[72

 <./resources/CatteneoLocpoly.png>]
<./resources/CatteneoBias.png, id=1560, 410.03188pt x 374.39874pt>
File: ./resources/CatteneoBias.png Graphic file (type png)
<use ./resources/CatteneoBias.png>
Package pdftex.def Info: ./resources/CatteneoBias.png  used on input line 980.
(pdftex.def)             Requested size: 213.86223pt x 195.27754pt.

Overfull \vbox (0.16037pt too high) detected at line 980
 []

[73

 <./resources/CatteneoBias.png>] Excluding 'comment' comment. [74

] [75

]
[76

]
<./resources/CatteneoRawScatter.png, id=1639, 570.13pt x 330.23375pt>
File: ./resources/CatteneoRawScatter.png Graphic file (type png)
<use ./resources/CatteneoRawScatter.png>
Package pdftex.def Info: ./resources/CatteneoRawScatter.png  used on input line
 1041.
(pdftex.def)             Requested size: 337.14804pt x 195.27754pt.

Overfull \vbox (0.16037pt too high) detected at line 1041
 []

[77

 <./resources/CatteneoRawScatter.png>]
<./resources/CatteneoBinscatter.png, id=1660, 573.64313pt x 273.52188pt>
File: ./resources/CatteneoBinscatter.png Graphic file (type png)
<use ./resources/CatteneoBinscatter.png>
Package pdftex.def Info: ./resources/CatteneoBinscatter.png  used on input line
 1047.
(pdftex.def)             Requested size: 381.79135pt x 182.04836pt.
 [78

 <./resources/CatteneoBinscatter.png>]
<./resources/CatteneoPredetermined.png, id=1681, 384.43625pt x 388.45125pt>
File: ./resources/CatteneoPredetermined.png Graphic file (type png)
<use ./resources/CatteneoPredetermined.png>
Package pdftex.def Info: ./resources/CatteneoPredetermined.png  used on input l
ine 1053.
(pdftex.def)             Requested size: 381.79135pt x 385.80672pt.

Overfull \vbox (190.68954pt too high) detected at line 1053
 []

[79

 <./resources/CatteneoPredetermined.png>]
<./resources/CatteneoHistogram.png, id=1703, 548.54938pt x 272.51813pt>
File: ./resources/CatteneoHistogram.png Graphic file (type png)
<use ./resources/CatteneoHistogram.png>
Package pdftex.def Info: ./resources/CatteneoHistogram.png  used on input line 
1059.
(pdftex.def)             Requested size: 381.79135pt x 189.67607pt.
 [80

 <./resources/CatteneoHistogram.png>]
<./resources/CatteneoLocal.png, id=1725, 593.21625pt x 326.72063pt>
File: ./resources/CatteneoLocal.png Graphic file (type png)
<use ./resources/CatteneoLocal.png>
Package pdftex.def Info: ./resources/CatteneoLocal.png  used on input line 1066
.
(pdftex.def)             Requested size: 381.79135pt x 210.282pt.

Overfull \vbox (15.16483pt too high) detected at line 1066
 []

[81

 <./resources/CatteneoLocal.png>]
File: ./resources/CatteneoLocal.png Graphic file (type png)
<use ./resources/CatteneoLocal.png>
Package pdftex.def Info: ./resources/CatteneoLocal.png  used on input line 1066
.
(pdftex.def)             Requested size: 381.79135pt x 210.282pt.

Overfull \vbox (15.16483pt too high) detected at line 1066
 []

[82

] [83

] [84

] [85

] [86

] [87

]
<./resources/gasTaxes.png, id=1861, 496.10344pt x 555.57562pt>
File: ./resources/gasTaxes.png Graphic file (type png)
<use ./resources/gasTaxes.png>
Package pdftex.def Info: ./resources/gasTaxes.png  used on input line 1146.
(pdftex.def)             Requested size: 198.43785pt x 222.2263pt.
 [88

 <./resources/gasTaxes.png>] [89

]
<./resources/myDiD.png, id=1901, 694.09312pt x 511.15968pt>
File: ./resources/myDiD.png Graphic file (type png)
<use ./resources/myDiD.png>
Package pdftex.def Info: ./resources/myDiD.png  used on input line 1167.
(pdftex.def)             Requested size: 265.15614pt x 195.27754pt.

Overfull \vbox (0.16037pt too high) detected at line 1167
 []

[90

 <./resources/myDiD.png>]
<./resources/CKAbstract.png, id=1921, 596.98032pt x 348.55219pt>
File: ./resources/CKAbstract.png Graphic file (type png)
<use ./resources/CKAbstract.png>
Package pdftex.def Info: ./resources/CKAbstract.png  used on input line 1172.
(pdftex.def)             Requested size: 334.46155pt x 195.27754pt.
 [91

 <./resources/CKAbstract.png>]
<./resources/CKSumStats.png, id=1944, 540.51938pt x 426.84468pt>
File: ./resources/CKSumStats.png Graphic file (type png)
<use ./resources/CKSumStats.png>
Package pdftex.def Info: ./resources/CKSumStats.png  used on input line 1177.
(pdftex.def)             Requested size: 247.2893pt x 195.27754pt.
 [92

 <./resources/CKSumStats.png>]
<./resources/CKwages.png, id=1965, 367.3725pt x 615.0478pt>
File: ./resources/CKwages.png Graphic file (type png)
<use ./resources/CKwages.png>
Package pdftex.def Info: ./resources/CKwages.png  used on input line 1182.
(pdftex.def)             Requested size: 138.50989pt x 231.89046pt.
 [93

 <./resources/CKwages.png>]
<./resources/CKResults.png, id=1986, 669.2503pt x 458.46281pt>
File: ./resources/CKResults.png Graphic file (type png)
<use ./resources/CKResults.png>
Package pdftex.def Info: ./resources/CKResults.png  used on input line 1186.
(pdftex.def)             Requested size: 381.79135pt x 261.55037pt.

Overfull \vbox (24.14482pt too high) detected at line 1186
 []

[94

 <./resources/CKResults.png>]
Overfull \vbox (4.61153pt too high) detected at line 1205
 []

[95

] Excluding 'comment' comment. [96

] [97

] [98

] [99

] [100

]
<./resources/muehlegger_dying.png, id=2123, 665.48625pt x 472.01344pt>
File: ./resources/muehlegger_dying.png Graphic file (type png)
<use ./resources/muehlegger_dying.png>
Package pdftex.def Info: ./resources/muehlegger_dying.png  used on input line 1
304.
(pdftex.def)             Requested size: 275.31866pt x 195.27754pt.

Overfull \vbox (0.16037pt too high) detected at line 1304
 []

[101

 <./resources/muehlegger_dying.png>] [102

] [103

] [104

] [105

] [106

] [107

]
[108

] [109

]
<./resources/ADHCAvsUS.png, id=2306, 583.42969pt x 486.31688pt>
File: ./resources/ADHCAvsUS.png Graphic file (type png)
<use ./resources/ADHCAvsUS.png>
Package pdftex.def Info: ./resources/ADHCAvsUS.png  used on input line 1418.
(pdftex.def)             Requested size: 248.91133pt x 207.4831pt.

Overfull \vbox (12.36592pt too high) detected at line 1418
 []

[110

 <./resources/ADHCAvsUS.png>]
<./resources/ADHWeights.png, id=2327, 370.38374pt x 459.21562pt>
File: ./resources/ADHWeights.png Graphic file (type png)
<use ./resources/ADHWeights.png>
Package pdftex.def Info: ./resources/ADHWeights.png  used on input line 1426.
(pdftex.def)             Requested size: 167.34932pt x 207.4831pt.
 [111

 <./resources/ADHWeights.png>]
<./resources/ADHSumStats.png, id=2348, 384.6872pt x 247.67531pt>
File: ./resources/ADHSumStats.png Graphic file (type png)
<use ./resources/ADHSumStats.png>
Package pdftex.def Info: ./resources/ADHSumStats.png  used on input line 1433.
(pdftex.def)             Requested size: 343.60988pt x 221.24286pt.

Overfull \vbox (26.12569pt too high) detected at line 1433
 []

[112

 <./resources/ADHSumStats.png>]
<./resources/ADHCAsynth.png, id=2369, 593.21625pt x 490.08093pt>
File: ./resources/ADHCAsynth.png Graphic file (type png)
<use ./resources/ADHCAsynth.png>
Package pdftex.def Info: ./resources/ADHCAsynth.png  used on input line 1440.
(pdftex.def)             Requested size: 265.91295pt x 219.6849pt.
 [113

 <./resources/ADHCAsynth.png>]
<./resources/ADHSdifftrends.png, id=2391, 447.92343pt x 424.58624pt>
File: ./resources/ADHSdifftrends.png Graphic file (type png)
<use ./resources/ADHSdifftrends.png>
Package pdftex.def Info: ./resources/ADHSdifftrends.png  used on input line 144
8.
(pdftex.def)             Requested size: 231.75961pt x 219.6849pt.

Overfull \vbox (14.56773pt too high) detected at line 1448
 []

[114

 <./resources/ADHSdifftrends.png>] [115

]
<./resources/ADHPlacebo.png, id=2432, 447.17062pt x 449.42906pt>
File: ./resources/ADHPlacebo.png Graphic file (type png)
<use ./resources/ADHPlacebo.png>
Package pdftex.def Info: ./resources/ADHPlacebo.png  used on input line 1470.
(pdftex.def)             Requested size: 218.5833pt x 219.6849pt.
 [116

 <./resources/ADHPlacebo.png>]
<./resources/ADHPredictionErrors.png, id=2453, 450.9347pt x 435.12563pt>
File: ./resources/ADHPredictionErrors.png Graphic file (type png)
<use ./resources/ADHPredictionErrors.png>
Package pdftex.def Info: ./resources/ADHPredictionErrors.png  used on input lin
e 1477.
(pdftex.def)             Requested size: 227.66861pt x 219.6849pt.
[117

 <./resources/ADHPredictionErrors.png>] [118

] [119

]
<./resources/DI_CAweights.png, id=2516, 731.73375pt x 356.0803pt>
File: ./resources/DI_CAweights.png Graphic file (type png)
<use ./resources/DI_CAweights.png>
Package pdftex.def Info: ./resources/DI_CAweights.png  used on input line 1518.

(pdftex.def)             Requested size: 451.43716pt x 219.6849pt.

Overfull \hbox (69.64581pt too wide) in paragraph at lines 1518--1518
 [] 
 []


Overfull \vbox (7.87936pt too high) detected at line 1518
 []

[120

 <./resources/DI_CAweights.png>]
<./resources/DI_CA_trends.png, id=2537, 581.17125pt x 456.20438pt>
File: ./resources/DI_CA_trends.png Graphic file (type png)
<use ./resources/DI_CA_trends.png>
Package pdftex.def Info: ./resources/DI_CA_trends.png  used on input line 1525.

(pdftex.def)             Requested size: 279.85469pt x 219.6849pt.
 [121

 <./resources/DI_CA_trends.png>]
<./resources/DI_CAstates.png, id=2559, 575.14874pt x 448.67625pt>
File: ./resources/DI_CAstates.png Graphic file (type png)
<use ./resources/DI_CAstates.png>
Package pdftex.def Info: ./resources/DI_CAstates.png  used on input line 1532.
(pdftex.def)             Requested size: 281.60594pt x 219.6849pt.

[122

 <./resources/DI_CAstates.png>] [123

] [124

]
Overfull \vbox (1.91154pt too high) detected at line 1585
 []

[125

]
<./resources/HVRoyModel.png, id=2639, 498.36188pt x 283.81032pt>
File: ./resources/HVRoyModel.png Graphic file (type png)
<use ./resources/HVRoyModel.png>
Package pdftex.def Info: ./resources/HVRoyModel.png  used on input line 1593.
(pdftex.def)             Requested size: 343.60988pt x 195.68642pt.

Overfull \vbox (0.56924pt too high) detected at line 1593
 []

[126

 <./resources/HVRoyModel.png>]
<./resources/HVRoyDist.png, id=2660, 515.67656pt x 463.7325pt>
File: ./resources/HVRoyDist.png Graphic file (type png)
<use ./resources/HVRoyDist.png>
Package pdftex.def Info: ./resources/HVRoyDist.png  used on input line 1601.
(pdftex.def)             Requested size: 324.52498pt x 291.84166pt.

Overfull \vbox (96.72449pt too high) detected at line 1601
 []

[127

 <./resources/HVRoyDist.png>] [128

] [129

] [130

] [131

] [132

] [133

] [134

]
[135

] [136

] [137

]
<./resources/CornelissenBins.png, id=2880, 590.205pt x 477.28313pt>
File: ./resources/CornelissenBins.png Graphic file (type png)
<use ./resources/CornelissenBins.png>
Package pdftex.def Info: ./resources/CornelissenBins.png  used on input line 17
44.
(pdftex.def)             Requested size: 343.60988pt x 277.87311pt.

Overfull \vbox (100.75594pt too high) detected at line 1744
 []

[138

 <./resources/CornelissenBins.png>]
<./resources/CornelissenGrouped.png, id=2901, 593.96906pt x 450.18187pt>
File: ./resources/CornelissenGrouped.png Graphic file (type png)
<use ./resources/CornelissenGrouped.png>
Package pdftex.def Info: ./resources/CornelissenGrouped.png  used on input line
 1751.
(pdftex.def)             Requested size: 343.60988pt x 260.43935pt.

Overfull \vbox (65.32217pt too high) detected at line 1751
 []

[139

 <./resources/CornelissenGrouped.png>] [140

] [141

]
<./resources/HVMTEmap.png, id=2962, 518.6878pt x 261.22594pt>
File: ./resources/HVMTEmap.png Graphic file (type png)
<use ./resources/HVMTEmap.png>
Package pdftex.def Info: ./resources/HVMTEmap.png  used on input line 1780.
(pdftex.def)             Requested size: 381.79135pt x 192.2917pt.

Overfull \vbox (15.17453pt too high) detected at line 1780
 []

[142

 <./resources/HVMTEmap.png>]
<./resources/HVWeights.png, id=2983, 738.50906pt x 433.62pt>
File: ./resources/HVWeights.png Graphic file (type png)
<use ./resources/HVWeights.png>
Package pdftex.def Info: ./resources/HVWeights.png  used on input line 1787.
(pdftex.def)             Requested size: 381.79135pt x 224.167pt.

Overfull \vbox (47.04984pt too high) detected at line 1787
 []

[143

 <./resources/HVWeights.png>]
<./resources/HVPRTE.png, id=3004, 691.08188pt x 392.21532pt>
File: ./resources/HVPRTE.png Graphic file (type png)
<use ./resources/HVPRTE.png>
Package pdftex.def Info: ./resources/HVPRTE.png  used on input line 1794.
(pdftex.def)             Requested size: 381.79135pt x 216.68262pt.

Overfull \vbox (21.56544pt too high) detected at line 1794
 []

[144

 <./resources/HVPRTE.png>]
<./resources/HVRoyTEs.png, id=3025, 696.35156pt x 548.0475pt>
File: ./resources/HVRoyTEs.png Graphic file (type png)
<use ./resources/HVRoyTEs.png>
Package pdftex.def Info: ./resources/HVRoyTEs.png  used on input line 1801.
(pdftex.def)             Requested size: 343.60988pt x 270.42719pt.

Overfull \vbox (75.31001pt too high) detected at line 1801
 []

[145

 <./resources/HVRoyTEs.png>]
<./resources/HVOLSIVexample.png, id=3047, 627.09282pt x 511.15968pt>
File: ./resources/HVOLSIVexample.png Graphic file (type png)
<use ./resources/HVOLSIVexample.png>
Package pdftex.def Info: ./resources/HVOLSIVexample.png  used on input line 180
9.
(pdftex.def)             Requested size: 381.79135pt x 311.22197pt.

Overfull \vbox (106.1048pt too high) detected at line 1809
 []

[146

 <./resources/HVOLSIVexample.png>] [147

]
<./resources/CarnieroFirstStage.png, id=3090, 451.6875pt x 468.24937pt>
File: ./resources/CarnieroFirstStage.png Graphic file (type png)
<use ./resources/CarnieroFirstStage.png>
Package pdftex.def Info: ./resources/CarnieroFirstStage.png  used on input line
 1833.
(pdftex.def)             Requested size: 343.60988pt x 356.23045pt.

Overfull \vbox (151.11328pt too high) detected at line 1833
 []

[148

 <./resources/CarnieroFirstStage.png>]
<./resources/chv_tab4.png, id=3111, 585.18625pt x 338.26375pt>
File: ./resources/chv_tab4.png Graphic file (type png)
<use ./resources/chv_tab4.png>
Package pdftex.def Info: ./resources/chv_tab4.png  used on input line 1840.
(pdftex.def)             Requested size: 289.07999pt x 167.10814pt.
 [149

 <./resources/chv_tab4.png>]
<./resources/chv_fig1.png, id=3132, 614.295pt x 562.1pt>
File: ./resources/chv_fig1.png Graphic file (type png)
<use ./resources/chv_fig1.png>
Package pdftex.def Info: ./resources/chv_fig1.png  used on input line 1848.
(pdftex.def)             Requested size: 381.79135pt x 349.3561pt.

Overfull \vbox (144.23892pt too high) detected at line 1848
 []

[150

 <./resources/chv_fig1.png>]
<./resources/chv_tab5.png, id=3153, 506.89375pt x 443.6575pt>
File: ./resources/chv_tab5.png Graphic file (type png)
<use ./resources/chv_tab5.png>
Package pdftex.def Info: ./resources/chv_tab5.png  used on input line 1856.
(pdftex.def)             Requested size: 289.07999pt x 253.02278pt.

Overfull \vbox (57.90561pt too high) detected at line 1856
 []

[151

 <./resources/chv_tab5.png>]
<./resources/CarnieroSupport.png, id=3175, 545.78906pt x 423.08063pt>
File: ./resources/CarnieroSupport.png Graphic file (type png)
<use ./resources/CarnieroSupport.png>
Package pdftex.def Info: ./resources/CarnieroSupport.png  used on input line 18
64.
(pdftex.def)             Requested size: 381.79135pt x 295.95428pt.

Overfull \vbox (90.83711pt too high) detected at line 1864
 []

[152

 <./resources/CarnieroSupport.png>]
<./resources/chv_fig4.png, id=3197, 617.30624pt x 546.04pt>
File: ./resources/chv_fig4.png Graphic file (type png)
<use ./resources/chv_fig4.png>
Package pdftex.def Info: ./resources/chv_fig4.png  used on input line 1872.
(pdftex.def)             Requested size: 400.88208pt x 354.61351pt.

Overfull \hbox (19.09073pt too wide) in paragraph at lines 1872--1872
 [] 
 []


Overfull \vbox (153.09634pt too high) detected at line 1872
 []

[153

 <./resources/chv_fig4.png>]
<./resources/chv_fig6.png, id=3218, 581.17125pt x 444.66125pt>
File: ./resources/chv_fig6.png Graphic file (type png)
<use ./resources/chv_fig6.png>
Package pdftex.def Info: ./resources/chv_fig6.png  used on input line 1879.
(pdftex.def)             Requested size: 289.07999pt x 221.18341pt.

Overfull \vbox (26.06624pt too high) detected at line 1879
 []

[154

 <./resources/chv_fig6.png>] [155

]
<./resources/CornelissenNegative.png, id=3258, 371.13657pt x 286.82156pt>
File: ./resources/CornelissenNegative.png Graphic file (type png)
<use ./resources/CornelissenNegative.png>
Package pdftex.def Info: ./resources/CornelissenNegative.png  used on input lin
e 1900.
(pdftex.def)             Requested size: 343.60988pt x 265.55524pt.

Overfull \vbox (82.1667pt too high) detected at line 1900
 []

[156

 <./resources/CornelissenNegative.png>]
<./resources/CornelissenSummary.png, id=3279, 779.91376pt x 433.62pt>
File: ./resources/CornelissenSummary.png Graphic file (type png)
<use ./resources/CornelissenSummary.png>
Package pdftex.def Info: ./resources/CornelissenSummary.png  used on input line
 1907.
(pdftex.def)             Requested size: 381.79135pt x 212.27054pt.

Overfull \vbox (17.15337pt too high) detected at line 1907
 []

[157

 <./resources/CornelissenSummary.png>] [158

]
<./resources/sillydiversion.pdf, id=3321, 979.66pt x 618.31pt>
File: ./resources/sillydiversion.pdf Graphic file (type pdf)
<use ./resources/sillydiversion.pdf>
Package pdftex.def Info: ./resources/sillydiversion.pdf  used on input line 193
0.
(pdftex.def)             Requested size: 289.07999pt x 182.44704pt.
 [159

 <./resources/sillydiversion.pdf>] [160

] (./treatment-effects.bbl
LaTeX Font Info:    Try loading font information for T1+cmtt on input line 12.

(/usr/local/texlive/2018/texmf-dist/tex/latex/base/t1cmtt.fd
File: t1cmtt.fd 2014/09/29 v2.5h Standard LaTeX font definitions
)) [161

] [162


]
[163


]
\tf@nav=\write7
\openout7 = `treatment-effects.nav'.

\tf@toc=\write8
\openout8 = `treatment-effects.toc'.

\tf@snm=\write9
\openout9 = `treatment-effects.snm'.

Package atveryend Info: Empty hook `BeforeClearDocument' on input line 1959.
Package atveryend Info: Empty hook `AfterLastShipout' on input line 1959.
 (./treatment-effects.aux)
Package atveryend Info: Executing hook `AtVeryEndDocument' on input line 1959.
Package atveryend Info: Executing hook `AtEndAfterFileList' on input line 1959.

Package rerunfilecheck Info: File `treatment-effects.out' has not changed.
(rerunfilecheck)             Checksum: B767B88738D9C4FCA1547E84CCB94240;666.
 ) 
Here is how much of TeX's memory you used:
 20155 strings out of 492649
 378980 string characters out of 6129622
 473097 words of memory out of 5000000
 23117 multiletter control sequences out of 15000+600000
 22289 words of font info for 63 fonts, out of 8000000 for 9000
 1141 hyphenation exceptions out of 8191
 58i,15n,62p,837b,623s stack positions out of 5000i,500n,10000p,200000b,80000s
{/usr/local/texlive/2018/texmf-dist/fonts/enc/dvips/cm-super/cm-super-t1.enc}
</usr/local/texlive/2018/texmf-dist/fonts/type1/public/amsfonts/cm/cmbx10.pfb><
/usr/local/texlive/2018/texmf-dist/fonts/type1/public/amsfonts/cm/cmbx8.pfb></u
sr/local/texlive/2018/texmf-dist/fonts/type1/public/amsfonts/cm/cmex10.pfb></us
r/local/texlive/2018/texmf-dist/fonts/type1/public/amsfonts/cmextra/cmex9.pfb><
/usr/local/texlive/2018/texmf-dist/fonts/type1/public/amsfonts/cm/cmmi10.pfb></
usr/local/texlive/2018/texmf-dist/fonts/type1/public/amsfonts/cm/cmmi6.pfb></us
r/local/texlive/2018/texmf-dist/fonts/type1/public/amsfonts/cm/cmmi8.pfb></usr/
local/texlive/2018/texmf-dist/fonts/type1/public/amsfonts/cm/cmmi9.pfb></usr/lo
cal/texlive/2018/texmf-dist/fonts/type1/public/amsfonts/cm/cmr10.pfb></usr/loca
l/texlive/2018/texmf-dist/fonts/type1/public/amsfonts/cm/cmr6.pfb></usr/local/t
exlive/2018/texmf-dist/fonts/type1/public/amsfonts/cm/cmr8.pfb></usr/local/texl
ive/2018/texmf-dist/fonts/type1/public/amsfonts/cm/cmr9.pfb></usr/local/texlive
/2018/texmf-dist/fonts/type1/public/amsfonts/cm/cmsy10.pfb></usr/local/texlive/
2018/texmf-dist/fonts/type1/public/amsfonts/cm/cmsy5.pfb></usr/local/texlive/20
18/texmf-dist/fonts/type1/public/amsfonts/cm/cmsy6.pfb></usr/local/texlive/2018
/texmf-dist/fonts/type1/public/amsfonts/cm/cmsy8.pfb></usr/local/texlive/2018/t
exmf-dist/fonts/type1/public/amsfonts/cm/cmsy9.pfb></usr/local/texlive/2018/tex
mf-dist/fonts/type1/public/amsfonts/symbols/msbm10.pfb></usr/local/texlive/2018
/texmf-dist/fonts/type1/public/cm-super/sfsi0600.pfb></usr/local/texlive/2018/t
exmf-dist/fonts/type1/public/cm-super/sfsi1000.pfb></usr/local/texlive/2018/tex
mf-dist/fonts/type1/public/cm-super/sfsi1095.pfb></usr/local/texlive/2018/texmf
-dist/fonts/type1/public/cm-super/sfss0500.pfb></usr/local/texlive/2018/texmf-d
ist/fonts/type1/public/cm-super/sfss0600.pfb></usr/local/texlive/2018/texmf-dis
t/fonts/type1/public/cm-super/sfss0800.pfb></usr/local/texlive/2018/texmf-dist/
fonts/type1/public/cm-super/sfss0900.pfb></usr/local/texlive/2018/texmf-dist/fo
nts/type1/public/cm-super/sfss1000.pfb></usr/local/texlive/2018/texmf-dist/font
s/type1/public/cm-super/sfss1095.pfb></usr/local/texlive/2018/texmf-dist/fonts/
type1/public/cm-super/sfss1440.pfb></usr/local/texlive/2018/texmf-dist/fonts/ty
pe1/public/cm-super/sfsx1095.pfb></usr/local/texlive/2018/texmf-dist/fonts/type
1/public/cm-super/sftt1095.pfb>
Output written on treatment-effects.pdf (163 pages, 4297398 bytes).
PDF statistics:
 3615 PDF objects out of 4296 (max. 8388607)
 3262 compressed objects within 33 object streams
 356 named destinations out of 1000 (max. 500000)
 442 words of extra memory for PDF output out of 10000 (max. 10000000)

