This is pdfTeX, Version 3.14159265-2.6-1.40.19 (TeX Live 2018) (preloaded format=pdflatex 2018.4.16)  23 JAN 2020 14:50
entering extended mode
 restricted \write18 enabled.
 %&-line parsing enabled.
**LectureSlides-nonparametrics.tex
(./LectureSlides-nonparametrics.tex
LaTeX2e <2018-04-01> patch level 2
Babel <3.18> and hyphenation patterns for 84 language(s) loaded.
(../slideHeader.tex
(/usr/local/texlive/2018/texmf-dist/tex/latex/beamer/beamer.cls
Document Class: beamer 2018/02/20 v3.50 A class for typesetting presentations
(/usr/local/texlive/2018/texmf-dist/tex/latex/beamer/beamerbasemodes.sty
(/usr/local/texlive/2018/texmf-dist/tex/latex/etoolbox/etoolbox.sty
Package: etoolbox 2018/02/11 v2.5e e-TeX tools for LaTeX (JAW)
\etb@tempcnta=\count80
)
\beamer@tempbox=\box26
\beamer@tempcount=\count81
\c@beamerpauses=\count82

(/usr/local/texlive/2018/texmf-dist/tex/latex/beamer/beamerbasedecode.sty
\beamer@slideinframe=\count83
\beamer@minimum=\count84
)
\beamer@commentbox=\box27
\beamer@modecount=\count85
)
(/usr/local/texlive/2018/texmf-dist/tex/generic/oberdiek/ifpdf.sty
Package: ifpdf 2017/03/15 v3.2 Provides the ifpdf switch
)
\headdp=\dimen102
\footheight=\dimen103
\sidebarheight=\dimen104
\beamer@tempdim=\dimen105
\beamer@finalheight=\dimen106
\beamer@animht=\dimen107
\beamer@animdp=\dimen108
\beamer@animwd=\dimen109
\beamer@leftmargin=\dimen110
\beamer@rightmargin=\dimen111
\beamer@leftsidebar=\dimen112
\beamer@rightsidebar=\dimen113
\beamer@boxsize=\dimen114
\beamer@vboxoffset=\dimen115
\beamer@descdefault=\dimen116
\beamer@descriptionwidth=\dimen117
\beamer@lastskip=\skip41
\beamer@areabox=\box28
\beamer@animcurrent=\box29
\beamer@animshowbox=\box30
\beamer@sectionbox=\box31
\beamer@logobox=\box32
\beamer@linebox=\box33
\beamer@sectioncount=\count86
\beamer@subsubsectionmax=\count87
\beamer@subsectionmax=\count88
\beamer@sectionmax=\count89
\beamer@totalheads=\count90
\beamer@headcounter=\count91
\beamer@partstartpage=\count92
\beamer@sectionstartpage=\count93
\beamer@subsectionstartpage=\count94
\beamer@animationtempa=\count95
\beamer@animationtempb=\count96
\beamer@xpos=\count97
\beamer@ypos=\count98
\beamer@ypos@offset=\count99
\beamer@showpartnumber=\count100
\beamer@currentsubsection=\count101
\beamer@coveringdepth=\count102
\beamer@sectionadjust=\count103
\beamer@tocsectionnumber=\count104

(/usr/local/texlive/2018/texmf-dist/tex/latex/beamer/beamerbaseoptions.sty
(/usr/local/texlive/2018/texmf-dist/tex/latex/graphics/keyval.sty
Package: keyval 2014/10/28 v1.15 key=value parser (DPC)
\KV@toks@=\toks14
))
\beamer@paperwidth=\skip42
\beamer@paperheight=\skip43

(/usr/local/texlive/2018/texmf-dist/tex/latex/geometry/geometry.sty
Package: geometry 2018/03/24 v5.7 Page Geometry

(/usr/local/texlive/2018/texmf-dist/tex/generic/oberdiek/ifvtex.sty
Package: ifvtex 2016/05/16 v1.6 Detect VTeX and its facilities (HO)
Package ifvtex Info: VTeX not detected.
)
(/usr/local/texlive/2018/texmf-dist/tex/generic/ifxetex/ifxetex.sty
Package: ifxetex 2010/09/12 v0.6 Provides ifxetex conditional
)
\Gm@cnth=\count105
\Gm@cntv=\count106
\c@Gm@tempcnt=\count107
\Gm@bindingoffset=\dimen118
\Gm@wd@mp=\dimen119
\Gm@odd@mp=\dimen120
\Gm@even@mp=\dimen121
\Gm@layoutwidth=\dimen122
\Gm@layoutheight=\dimen123
\Gm@layouthoffset=\dimen124
\Gm@layoutvoffset=\dimen125
\Gm@dimlist=\toks15
)
(/usr/local/texlive/2018/texmf-dist/tex/latex/base/size11.clo
File: size11.clo 2014/09/29 v1.4h Standard LaTeX file (size option)
)
(/usr/local/texlive/2018/texmf-dist/tex/latex/pgf/basiclayer/pgfcore.sty
(/usr/local/texlive/2018/texmf-dist/tex/latex/graphics/graphicx.sty
Package: graphicx 2017/06/01 v1.1a Enhanced LaTeX Graphics (DPC,SPQR)

(/usr/local/texlive/2018/texmf-dist/tex/latex/graphics/graphics.sty
Package: graphics 2017/06/25 v1.2c Standard LaTeX Graphics (DPC,SPQR)

(/usr/local/texlive/2018/texmf-dist/tex/latex/graphics/trig.sty
Package: trig 2016/01/03 v1.10 sin cos tan (DPC)
)
(/usr/local/texlive/2018/texmf-dist/tex/latex/graphics-cfg/graphics.cfg
File: graphics.cfg 2016/06/04 v1.11 sample graphics configuration
)
Package graphics Info: Driver file: pdftex.def on input line 99.

(/usr/local/texlive/2018/texmf-dist/tex/latex/graphics-def/pdftex.def
File: pdftex.def 2018/01/08 v1.0l Graphics/color driver for pdftex
))
\Gin@req@height=\dimen126
\Gin@req@width=\dimen127
)
(/usr/local/texlive/2018/texmf-dist/tex/latex/pgf/systemlayer/pgfsys.sty
(/usr/local/texlive/2018/texmf-dist/tex/latex/pgf/utilities/pgfrcs.sty
(/usr/local/texlive/2018/texmf-dist/tex/generic/pgf/utilities/pgfutil-common.te
x
\pgfutil@everybye=\toks16
\pgfutil@tempdima=\dimen128
\pgfutil@tempdimb=\dimen129

(/usr/local/texlive/2018/texmf-dist/tex/generic/pgf/utilities/pgfutil-common-li
sts.tex))
(/usr/local/texlive/2018/texmf-dist/tex/generic/pgf/utilities/pgfutil-latex.def
\pgfutil@abb=\box34
(/usr/local/texlive/2018/texmf-dist/tex/latex/ms/everyshi.sty
Package: everyshi 2001/05/15 v3.00 EveryShipout Package (MS)
))
(/usr/local/texlive/2018/texmf-dist/tex/generic/pgf/utilities/pgfrcs.code.tex
Package: pgfrcs 2015/08/07 v3.0.1a (rcs-revision 1.31)
))
(/usr/local/texlive/2018/texmf-dist/tex/generic/pgf/systemlayer/pgfsys.code.tex
Package: pgfsys 2014/07/09 v3.0.1a (rcs-revision 1.48)
(/usr/local/texlive/2018/texmf-dist/tex/generic/pgf/utilities/pgfkeys.code.tex
\pgfkeys@pathtoks=\toks17
\pgfkeys@temptoks=\toks18

(/usr/local/texlive/2018/texmf-dist/tex/generic/pgf/utilities/pgfkeysfiltered.c
ode.tex
\pgfkeys@tmptoks=\toks19
))
\pgf@x=\dimen130
\pgf@y=\dimen131
\pgf@xa=\dimen132
\pgf@ya=\dimen133
\pgf@xb=\dimen134
\pgf@yb=\dimen135
\pgf@xc=\dimen136
\pgf@yc=\dimen137
\w@pgf@writea=\write3
\r@pgf@reada=\read1
\c@pgf@counta=\count108
\c@pgf@countb=\count109
\c@pgf@countc=\count110
\c@pgf@countd=\count111
\t@pgf@toka=\toks20
\t@pgf@tokb=\toks21
\t@pgf@tokc=\toks22

(/usr/local/texlive/2018/texmf-dist/tex/generic/pgf/systemlayer/pgf.cfg
File: pgf.cfg 2008/05/14  (rcs-revision 1.7)
)
Driver file for pgf: pgfsys-pdftex.def

(/usr/local/texlive/2018/texmf-dist/tex/generic/pgf/systemlayer/pgfsys-pdftex.d
ef
File: pgfsys-pdftex.def 2014/10/11  (rcs-revision 1.35)

(/usr/local/texlive/2018/texmf-dist/tex/generic/pgf/systemlayer/pgfsys-common-p
df.def
File: pgfsys-common-pdf.def 2013/10/10  (rcs-revision 1.13)
)))
(/usr/local/texlive/2018/texmf-dist/tex/generic/pgf/systemlayer/pgfsyssoftpath.
code.tex
File: pgfsyssoftpath.code.tex 2013/09/09  (rcs-revision 1.9)
\pgfsyssoftpath@smallbuffer@items=\count112
\pgfsyssoftpath@bigbuffer@items=\count113
)
(/usr/local/texlive/2018/texmf-dist/tex/generic/pgf/systemlayer/pgfsysprotocol.
code.tex
File: pgfsysprotocol.code.tex 2006/10/16  (rcs-revision 1.4)
)) (/usr/local/texlive/2018/texmf-dist/tex/latex/xcolor/xcolor.sty
Package: xcolor 2016/05/11 v2.12 LaTeX color extensions (UK)

(/usr/local/texlive/2018/texmf-dist/tex/latex/graphics-cfg/color.cfg
File: color.cfg 2016/01/02 v1.6 sample color configuration
)
Package xcolor Info: Driver file: pdftex.def on input line 225.

(/usr/local/texlive/2018/texmf-dist/tex/latex/colortbl/colortbl.sty
Package: colortbl 2012/02/13 v1.0a Color table columns (DPC)

(/usr/local/texlive/2018/texmf-dist/tex/latex/tools/array.sty
Package: array 2018/04/07 v2.4g Tabular extension package (FMi)
\col@sep=\dimen138
\ar@mcellbox=\box35
\extrarowheight=\dimen139
\NC@list=\toks23
\extratabsurround=\skip44
\backup@length=\skip45
\ar@cellbox=\box36
)
\everycr=\toks24
\minrowclearance=\skip46
)
\rownum=\count114
Package xcolor Info: Model `cmy' substituted by `cmy0' on input line 1348.
Package xcolor Info: Model `hsb' substituted by `rgb' on input line 1352.
Package xcolor Info: Model `RGB' extended on input line 1364.
Package xcolor Info: Model `HTML' substituted by `rgb' on input line 1366.
Package xcolor Info: Model `Hsb' substituted by `hsb' on input line 1367.
Package xcolor Info: Model `tHsb' substituted by `hsb' on input line 1368.
Package xcolor Info: Model `HSB' substituted by `hsb' on input line 1369.
Package xcolor Info: Model `Gray' substituted by `gray' on input line 1370.
Package xcolor Info: Model `wave' substituted by `hsb' on input line 1371.

(/usr/local/texlive/2018/texmf-dist/tex/latex/graphics/dvipsnam.def
File: dvipsnam.def 2016/06/17 v3.0m Driver-dependent file (DPC,SPQR)
))
(/usr/local/texlive/2018/texmf-dist/tex/generic/pgf/basiclayer/pgfcore.code.tex
Package: pgfcore 2010/04/11 v3.0.1a (rcs-revision 1.7)
(/usr/local/texlive/2018/texmf-dist/tex/generic/pgf/math/pgfmath.code.tex
(/usr/local/texlive/2018/texmf-dist/tex/generic/pgf/math/pgfmathcalc.code.tex
(/usr/local/texlive/2018/texmf-dist/tex/generic/pgf/math/pgfmathutil.code.tex)
(/usr/local/texlive/2018/texmf-dist/tex/generic/pgf/math/pgfmathparser.code.tex
\pgfmath@dimen=\dimen140
\pgfmath@count=\count115
\pgfmath@box=\box37
\pgfmath@toks=\toks25
\pgfmath@stack@operand=\toks26
\pgfmath@stack@operation=\toks27
)
(/usr/local/texlive/2018/texmf-dist/tex/generic/pgf/math/pgfmathfunctions.code.
tex
(/usr/local/texlive/2018/texmf-dist/tex/generic/pgf/math/pgfmathfunctions.basic
.code.tex)
(/usr/local/texlive/2018/texmf-dist/tex/generic/pgf/math/pgfmathfunctions.trigo
nometric.code.tex)
(/usr/local/texlive/2018/texmf-dist/tex/generic/pgf/math/pgfmathfunctions.rando
m.code.tex)
(/usr/local/texlive/2018/texmf-dist/tex/generic/pgf/math/pgfmathfunctions.compa
rison.code.tex)
(/usr/local/texlive/2018/texmf-dist/tex/generic/pgf/math/pgfmathfunctions.base.
code.tex)
(/usr/local/texlive/2018/texmf-dist/tex/generic/pgf/math/pgfmathfunctions.round
.code.tex)
(/usr/local/texlive/2018/texmf-dist/tex/generic/pgf/math/pgfmathfunctions.misc.
code.tex)
(/usr/local/texlive/2018/texmf-dist/tex/generic/pgf/math/pgfmathfunctions.integ
erarithmetics.code.tex)))
(/usr/local/texlive/2018/texmf-dist/tex/generic/pgf/math/pgfmathfloat.code.tex
\c@pgfmathroundto@lastzeros=\count116
))
(/usr/local/texlive/2018/texmf-dist/tex/generic/pgf/basiclayer/pgfcorepoints.co
de.tex
File: pgfcorepoints.code.tex 2013/10/07  (rcs-revision 1.27)
\pgf@picminx=\dimen141
\pgf@picmaxx=\dimen142
\pgf@picminy=\dimen143
\pgf@picmaxy=\dimen144
\pgf@pathminx=\dimen145
\pgf@pathmaxx=\dimen146
\pgf@pathminy=\dimen147
\pgf@pathmaxy=\dimen148
\pgf@xx=\dimen149
\pgf@xy=\dimen150
\pgf@yx=\dimen151
\pgf@yy=\dimen152
\pgf@zx=\dimen153
\pgf@zy=\dimen154
)
(/usr/local/texlive/2018/texmf-dist/tex/generic/pgf/basiclayer/pgfcorepathconst
ruct.code.tex
File: pgfcorepathconstruct.code.tex 2013/10/07  (rcs-revision 1.29)
\pgf@path@lastx=\dimen155
\pgf@path@lasty=\dimen156
)
(/usr/local/texlive/2018/texmf-dist/tex/generic/pgf/basiclayer/pgfcorepathusage
.code.tex
File: pgfcorepathusage.code.tex 2014/11/02  (rcs-revision 1.24)
\pgf@shorten@end@additional=\dimen157
\pgf@shorten@start@additional=\dimen158
)
(/usr/local/texlive/2018/texmf-dist/tex/generic/pgf/basiclayer/pgfcorescopes.co
de.tex
File: pgfcorescopes.code.tex 2015/05/08  (rcs-revision 1.46)
\pgfpic=\box38
\pgf@hbox=\box39
\pgf@layerbox@main=\box40
\pgf@picture@serial@count=\count117
)
(/usr/local/texlive/2018/texmf-dist/tex/generic/pgf/basiclayer/pgfcoregraphicst
ate.code.tex
File: pgfcoregraphicstate.code.tex 2014/11/02  (rcs-revision 1.12)
\pgflinewidth=\dimen159
)
(/usr/local/texlive/2018/texmf-dist/tex/generic/pgf/basiclayer/pgfcoretransform
ations.code.tex
File: pgfcoretransformations.code.tex 2015/08/07  (rcs-revision 1.20)
\pgf@pt@x=\dimen160
\pgf@pt@y=\dimen161
\pgf@pt@temp=\dimen162
)
(/usr/local/texlive/2018/texmf-dist/tex/generic/pgf/basiclayer/pgfcorequick.cod
e.tex
File: pgfcorequick.code.tex 2008/10/09  (rcs-revision 1.3)
)
(/usr/local/texlive/2018/texmf-dist/tex/generic/pgf/basiclayer/pgfcoreobjects.c
ode.tex
File: pgfcoreobjects.code.tex 2006/10/11  (rcs-revision 1.2)
)
(/usr/local/texlive/2018/texmf-dist/tex/generic/pgf/basiclayer/pgfcorepathproce
ssing.code.tex
File: pgfcorepathprocessing.code.tex 2013/09/09  (rcs-revision 1.9)
)
(/usr/local/texlive/2018/texmf-dist/tex/generic/pgf/basiclayer/pgfcorearrows.co
de.tex
File: pgfcorearrows.code.tex 2015/05/14  (rcs-revision 1.43)
\pgfarrowsep=\dimen163
)
(/usr/local/texlive/2018/texmf-dist/tex/generic/pgf/basiclayer/pgfcoreshade.cod
e.tex
File: pgfcoreshade.code.tex 2013/07/15  (rcs-revision 1.15)
\pgf@max=\dimen164
\pgf@sys@shading@range@num=\count118
)
(/usr/local/texlive/2018/texmf-dist/tex/generic/pgf/basiclayer/pgfcoreimage.cod
e.tex
File: pgfcoreimage.code.tex 2013/07/15  (rcs-revision 1.18)

(/usr/local/texlive/2018/texmf-dist/tex/generic/pgf/basiclayer/pgfcoreexternal.
code.tex
File: pgfcoreexternal.code.tex 2014/07/09  (rcs-revision 1.21)
\pgfexternal@startupbox=\box41
))
(/usr/local/texlive/2018/texmf-dist/tex/generic/pgf/basiclayer/pgfcorelayers.co
de.tex
File: pgfcorelayers.code.tex 2013/07/18  (rcs-revision 1.7)
)
(/usr/local/texlive/2018/texmf-dist/tex/generic/pgf/basiclayer/pgfcoretranspare
ncy.code.tex
File: pgfcoretransparency.code.tex 2013/09/30  (rcs-revision 1.5)
)
(/usr/local/texlive/2018/texmf-dist/tex/generic/pgf/basiclayer/pgfcorepatterns.
code.tex
File: pgfcorepatterns.code.tex 2013/11/07  (rcs-revision 1.5)
)))
(/usr/local/texlive/2018/texmf-dist/tex/latex/pgf/utilities/xxcolor.sty
Package: xxcolor 2003/10/24 ver 0.1
\XC@nummixins=\count119
\XC@countmixins=\count120
)
(/usr/local/texlive/2018/texmf-dist/tex/generic/oberdiek/atbegshi.sty
Package: atbegshi 2016/06/09 v1.18 At begin shipout hook (HO)

(/usr/local/texlive/2018/texmf-dist/tex/generic/oberdiek/infwarerr.sty
Package: infwarerr 2016/05/16 v1.4 Providing info/warning/error messages (HO)
)
(/usr/local/texlive/2018/texmf-dist/tex/generic/oberdiek/ltxcmds.sty
Package: ltxcmds 2016/05/16 v1.23 LaTeX kernel commands for general use (HO)
))
(/usr/local/texlive/2018/texmf-dist/tex/latex/hyperref/hyperref.sty
Package: hyperref 2018/02/06 v6.86b Hypertext links for LaTeX

(/usr/local/texlive/2018/texmf-dist/tex/generic/oberdiek/hobsub-hyperref.sty
Package: hobsub-hyperref 2016/05/16 v1.14 Bundle oberdiek, subset hyperref (HO)


(/usr/local/texlive/2018/texmf-dist/tex/generic/oberdiek/hobsub-generic.sty
Package: hobsub-generic 2016/05/16 v1.14 Bundle oberdiek, subset generic (HO)
Package: hobsub 2016/05/16 v1.14 Construct package bundles (HO)
Package hobsub Info: Skipping package `infwarerr' (already loaded).
Package hobsub Info: Skipping package `ltxcmds' (already loaded).
Package: ifluatex 2016/05/16 v1.4 Provides the ifluatex switch (HO)
Package ifluatex Info: LuaTeX not detected.
Package hobsub Info: Skipping package `ifvtex' (already loaded).
Package: intcalc 2016/05/16 v1.2 Expandable calculations with integers (HO)
Package hobsub Info: Skipping package `ifpdf' (already loaded).
Package: etexcmds 2016/05/16 v1.6 Avoid name clashes with e-TeX commands (HO)
Package etexcmds Info: Could not find \expanded.
(etexcmds)             That can mean that you are not using pdfTeX 1.50 or
(etexcmds)             that some package has redefined \expanded.
(etexcmds)             In the latter case, load this package earlier.
Package: kvsetkeys 2016/05/16 v1.17 Key value parser (HO)
Package: kvdefinekeys 2016/05/16 v1.4 Define keys (HO)
Package: pdftexcmds 2018/01/30 v0.27 Utility functions of pdfTeX for LuaTeX (HO
)
Package pdftexcmds Info: LuaTeX not detected.
Package pdftexcmds Info: \pdf@primitive is available.
Package pdftexcmds Info: \pdf@ifprimitive is available.
Package pdftexcmds Info: \pdfdraftmode found.
Package: pdfescape 2016/05/16 v1.14 Implements pdfTeX's escape features (HO)
Package: bigintcalc 2016/05/16 v1.4 Expandable calculations on big integers (HO
)
Package: bitset 2016/05/16 v1.2 Handle bit-vector datatype (HO)
Package: uniquecounter 2016/05/16 v1.3 Provide unlimited unique counter (HO)
)
Package hobsub Info: Skipping package `hobsub' (already loaded).
Package: letltxmacro 2016/05/16 v1.5 Let assignment for LaTeX macros (HO)
Package: hopatch 2016/05/16 v1.3 Wrapper for package hooks (HO)
Package: xcolor-patch 2016/05/16 xcolor patch
Package: atveryend 2016/05/16 v1.9 Hooks at the very end of document (HO)
Package hobsub Info: Skipping package `atbegshi' (already loaded).
Package: refcount 2016/05/16 v3.5 Data extraction from label references (HO)
Package: hycolor 2016/05/16 v1.8 Color options for hyperref/bookmark (HO)
)
(/usr/local/texlive/2018/texmf-dist/tex/latex/oberdiek/auxhook.sty
Package: auxhook 2016/05/16 v1.4 Hooks for auxiliary files (HO)
)
(/usr/local/texlive/2018/texmf-dist/tex/latex/oberdiek/kvoptions.sty
Package: kvoptions 2016/05/16 v3.12 Key value format for package options (HO)
)
\@linkdim=\dimen165
\Hy@linkcounter=\count121
\Hy@pagecounter=\count122

(/usr/local/texlive/2018/texmf-dist/tex/latex/hyperref/pd1enc.def
File: pd1enc.def 2018/02/06 v6.86b Hyperref: PDFDocEncoding definition (HO)
Now handling font encoding PD1 ...
... no UTF-8 mapping file for font encoding PD1
)
\Hy@SavedSpaceFactor=\count123

(/usr/local/texlive/2018/texmf-dist/tex/latex/latexconfig/hyperref.cfg
File: hyperref.cfg 2002/06/06 v1.2 hyperref configuration of TeXLive
)
Package hyperref Info: Option `bookmarks' set `true' on input line 4383.
Package hyperref Info: Option `bookmarksopen' set `true' on input line 4383.
Package hyperref Info: Option `implicit' set `false' on input line 4383.
Package hyperref Info: Hyper figures OFF on input line 4509.
Package hyperref Info: Link nesting OFF on input line 4514.
Package hyperref Info: Hyper index ON on input line 4517.
Package hyperref Info: Plain pages OFF on input line 4524.
Package hyperref Info: Backreferencing OFF on input line 4529.
Package hyperref Info: Implicit mode OFF; no redefinition of LaTeX internals.
Package hyperref Info: Bookmarks ON on input line 4762.
\c@Hy@tempcnt=\count124

(/usr/local/texlive/2018/texmf-dist/tex/latex/url/url.sty
\Urlmuskip=\muskip10
Package: url 2013/09/16  ver 3.4  Verb mode for urls, etc.
)
LaTeX Info: Redefining \url on input line 5115.
\XeTeXLinkMargin=\dimen166
\Fld@menulength=\count125
\Field@Width=\dimen167
\Fld@charsize=\dimen168
Package hyperref Info: Hyper figures OFF on input line 6369.
Package hyperref Info: Link nesting OFF on input line 6374.
Package hyperref Info: Hyper index ON on input line 6377.
Package hyperref Info: backreferencing OFF on input line 6384.
Package hyperref Info: Link coloring OFF on input line 6389.
Package hyperref Info: Link coloring with OCG OFF on input line 6394.
Package hyperref Info: PDF/A mode OFF on input line 6399.
LaTeX Info: Redefining \ref on input line 6439.
LaTeX Info: Redefining \pageref on input line 6443.
\Hy@abspage=\count126


Package hyperref Message: Stopped early.

)
Package hyperref Info: Driver (autodetected): hpdftex.
 (/usr/local/texlive/2018/texmf-dist/tex/latex/hyperref/hpdftex.def
File: hpdftex.def 2018/02/06 v6.86b Hyperref driver for pdfTeX
\Fld@listcount=\count127
\c@bookmark@seq@number=\count128

(/usr/local/texlive/2018/texmf-dist/tex/latex/oberdiek/rerunfilecheck.sty
Package: rerunfilecheck 2016/05/16 v1.8 Rerun checks for auxiliary files (HO)
Package uniquecounter Info: New unique counter `rerunfilecheck' on input line 2
82.
))
(/usr/local/texlive/2018/texmf-dist/tex/latex/beamer/beamerbaserequires.sty
(/usr/local/texlive/2018/texmf-dist/tex/latex/beamer/beamerbasecompatibility.st
y) (/usr/local/texlive/2018/texmf-dist/tex/latex/beamer/beamerbasefont.sty
(/usr/local/texlive/2018/texmf-dist/tex/latex/amsfonts/amssymb.sty
Package: amssymb 2013/01/14 v3.01 AMS font symbols

(/usr/local/texlive/2018/texmf-dist/tex/latex/amsfonts/amsfonts.sty
Package: amsfonts 2013/01/14 v3.01 Basic AMSFonts support
\@emptytoks=\toks28
\symAMSa=\mathgroup4
\symAMSb=\mathgroup5
LaTeX Font Info:    Overwriting math alphabet `\mathfrak' in version `bold'
(Font)                  U/euf/m/n --> U/euf/b/n on input line 106.
))
(/usr/local/texlive/2018/texmf-dist/tex/latex/sansmathaccent/sansmathaccent.sty
Package: sansmathaccent 2013/03/28
(/usr/local/texlive/2018/texmf-dist/tex/latex/filehook/filehook.sty
Package: filehook 2011/10/12 v0.5d Hooks for input files
)))
(/usr/local/texlive/2018/texmf-dist/tex/latex/beamer/beamerbasetranslator.sty
(/usr/local/texlive/2018/texmf-dist/tex/latex/translator/translator.sty
Package: translator 2018/01/04 v1.12 Easy translation of strings in LaTeX
))
(/usr/local/texlive/2018/texmf-dist/tex/latex/beamer/beamerbasemisc.sty)
(/usr/local/texlive/2018/texmf-dist/tex/latex/beamer/beamerbasetwoscreens.sty)
(/usr/local/texlive/2018/texmf-dist/tex/latex/beamer/beamerbaseoverlay.sty
\beamer@argscount=\count129
\beamer@lastskipcover=\skip47
\beamer@trivlistdepth=\count130
)
(/usr/local/texlive/2018/texmf-dist/tex/latex/beamer/beamerbasetitle.sty)
(/usr/local/texlive/2018/texmf-dist/tex/latex/beamer/beamerbasesection.sty
\c@lecture=\count131
\c@part=\count132
\c@section=\count133
\c@subsection=\count134
\c@subsubsection=\count135
)
(/usr/local/texlive/2018/texmf-dist/tex/latex/beamer/beamerbaseframe.sty
\beamer@framebox=\box42
\beamer@frametitlebox=\box43
\beamer@zoombox=\box44
\beamer@zoomcount=\count136
\beamer@zoomframecount=\count137
\beamer@frametextheight=\dimen169
\c@subsectionslide=\count138
\beamer@frametopskip=\skip48
\beamer@framebottomskip=\skip49
\beamer@frametopskipautobreak=\skip50
\beamer@framebottomskipautobreak=\skip51
\beamer@envbody=\toks29
\framewidth=\dimen170
\c@framenumber=\count139
)
(/usr/local/texlive/2018/texmf-dist/tex/latex/beamer/beamerbaseverbatim.sty
\beamer@verbatimfileout=\write4
)
(/usr/local/texlive/2018/texmf-dist/tex/latex/beamer/beamerbaseframesize.sty
\beamer@splitbox=\box45
\beamer@autobreakcount=\count140
\beamer@autobreaklastheight=\dimen171
\beamer@frametitletoks=\toks30
\beamer@framesubtitletoks=\toks31
)
(/usr/local/texlive/2018/texmf-dist/tex/latex/beamer/beamerbaseframecomponents.
sty
\beamer@footins=\box46
) (/usr/local/texlive/2018/texmf-dist/tex/latex/beamer/beamerbasecolor.sty
\beamer@bg@ht=\dimen172
\beamer@bg@wd=\dimen173
\beamer@bg@dp=\dimen174
)
(/usr/local/texlive/2018/texmf-dist/tex/latex/beamer/beamerbasenotes.sty
\beamer@frameboxcopy=\box47
)
(/usr/local/texlive/2018/texmf-dist/tex/latex/beamer/beamerbasetoc.sty)
(/usr/local/texlive/2018/texmf-dist/tex/latex/beamer/beamerbasetemplates.sty
\beamer@sbttoks=\toks32

(/usr/local/texlive/2018/texmf-dist/tex/latex/beamer/beamerbaseauxtemplates.sty
(/usr/local/texlive/2018/texmf-dist/tex/latex/beamer/beamerbaseboxes.sty
\bmb@box=\box48
\bmb@colorbox=\box49
\bmb@boxshadow=\box50
\bmb@boxshadowball=\box51
\bmb@boxshadowballlarge=\box52
\bmb@temp=\dimen175
\bmb@dima=\dimen176
\bmb@dimb=\dimen177
\bmb@prevheight=\dimen178
)
\beamer@blockheadheight=\dimen179
))
(/usr/local/texlive/2018/texmf-dist/tex/latex/beamer/beamerbaselocalstructure.s
ty (/usr/local/texlive/2018/texmf-dist/tex/latex/tools/enumerate.sty
Package: enumerate 2015/07/23 v3.00 enumerate extensions (DPC)
\@enLab=\toks33
)
\c@figure=\count141
\c@table=\count142
\abovecaptionskip=\skip52
\belowcaptionskip=\skip53
)
(/usr/local/texlive/2018/texmf-dist/tex/latex/beamer/beamerbasenavigation.sty
\beamer@section@min@dim=\dimen180
)
(/usr/local/texlive/2018/texmf-dist/tex/latex/beamer/beamerbasetheorems.sty
(/usr/local/texlive/2018/texmf-dist/tex/latex/amsmath/amsmath.sty
Package: amsmath 2017/09/02 v2.17a AMS math features
\@mathmargin=\skip54

For additional information on amsmath, use the `?' option.
(/usr/local/texlive/2018/texmf-dist/tex/latex/amsmath/amstext.sty
Package: amstext 2000/06/29 v2.01 AMS text

(/usr/local/texlive/2018/texmf-dist/tex/latex/amsmath/amsgen.sty
File: amsgen.sty 1999/11/30 v2.0 generic functions
\@emptytoks=\toks34
\ex@=\dimen181
))
(/usr/local/texlive/2018/texmf-dist/tex/latex/amsmath/amsbsy.sty
Package: amsbsy 1999/11/29 v1.2d Bold Symbols
\pmbraise@=\dimen182
)
(/usr/local/texlive/2018/texmf-dist/tex/latex/amsmath/amsopn.sty
Package: amsopn 2016/03/08 v2.02 operator names
)
\inf@bad=\count143
LaTeX Info: Redefining \frac on input line 213.
\uproot@=\count144
\leftroot@=\count145
LaTeX Info: Redefining \overline on input line 375.
\classnum@=\count146
\DOTSCASE@=\count147
LaTeX Info: Redefining \ldots on input line 472.
LaTeX Info: Redefining \dots on input line 475.
LaTeX Info: Redefining \cdots on input line 596.
\Mathstrutbox@=\box53
\strutbox@=\box54
\big@size=\dimen183
LaTeX Font Info:    Redeclaring font encoding OML on input line 712.
LaTeX Font Info:    Redeclaring font encoding OMS on input line 713.
\macc@depth=\count148
\c@MaxMatrixCols=\count149
\dotsspace@=\muskip11
\c@parentequation=\count150
\dspbrk@lvl=\count151
\tag@help=\toks35
\row@=\count152
\column@=\count153
\maxfields@=\count154
\andhelp@=\toks36
\eqnshift@=\dimen184
\alignsep@=\dimen185
\tagshift@=\dimen186
\tagwidth@=\dimen187
\totwidth@=\dimen188
\lineht@=\dimen189
\@envbody=\toks37
\multlinegap=\skip55
\multlinetaggap=\skip56
\mathdisplay@stack=\toks38
LaTeX Info: Redefining \[ on input line 2817.
LaTeX Info: Redefining \] on input line 2818.
)
(/usr/local/texlive/2018/texmf-dist/tex/latex/amscls/amsthm.sty
Package: amsthm 2017/10/31 v2.20.4
\thm@style=\toks39
\thm@bodyfont=\toks40
\thm@headfont=\toks41
\thm@notefont=\toks42
\thm@headpunct=\toks43
\thm@preskip=\skip57
\thm@postskip=\skip58
\thm@headsep=\skip59
\dth@everypar=\toks44
)
\c@theorem=\count155
)
(/usr/local/texlive/2018/texmf-dist/tex/latex/beamer/beamerbasethemes.sty))
(/usr/local/texlive/2018/texmf-dist/tex/latex/beamer/beamerthemedefault.sty
(/usr/local/texlive/2018/texmf-dist/tex/latex/beamer/beamerfontthemedefault.sty
)
(/usr/local/texlive/2018/texmf-dist/tex/latex/beamer/beamercolorthemedefault.st
y)
(/usr/local/texlive/2018/texmf-dist/tex/latex/beamer/beamerinnerthemedefault.st
y
\beamer@dima=\dimen190
\beamer@dimb=\dimen191
)
(/usr/local/texlive/2018/texmf-dist/tex/latex/beamer/beamerouterthemedefault.st
y)))
(/usr/local/texlive/2018/texmf-dist/tex/latex/beamer/beamerfontthemeserif.sty)
(/usr/local/texlive/2018/texmf-dist/tex/latex/beamer/beamerthemeHannover.sty
(/usr/local/texlive/2018/texmf-dist/tex/latex/beamer/beamerouterthemesidebar.st
y
\beamer@sidebarwidth=\dimen192
\beamer@headheight=\dimen193
)
(/usr/local/texlive/2018/texmf-dist/tex/latex/beamer/beamercolorthemeseahorse.s
ty)
(/usr/local/texlive/2018/texmf-dist/tex/latex/beamer/beamerinnerthemecircles.st
y)) (/usr/local/texlive/2018/texmf-dist/tex/generic/babel/babel.sty
Package: babel 2018/02/14 3.18 The Babel package

(/usr/local/texlive/2018/texmf-dist/tex/generic/babel/switch.def
File: switch.def 2018/02/14 3.18 Babel switching mechanism
)
(/usr/local/texlive/2018/texmf-dist/tex/generic/babel-english/english.ldf
Language: english 2017/06/06 v3.3r English support from the babel system

(/usr/local/texlive/2018/texmf-dist/tex/generic/babel/babel.def
File: babel.def 2018/02/14 3.18 Babel common definitions
\babel@savecnt=\count156
\U@D=\dimen194

(/usr/local/texlive/2018/texmf-dist/tex/generic/babel/txtbabel.def)
LaTeX Info: Redefining \textlatin on input line 1839.
\bbl@dirlevel=\count157
)
\l@canadian = a dialect from \language\l@american 
\l@australian = a dialect from \language\l@british 
\l@newzealand = a dialect from \language\l@british 
))
(/usr/local/texlive/2018/texmf-dist/tex/latex/pgf/basiclayer/pgf.sty
Package: pgf 2015/08/07 v3.0.1a (rcs-revision 1.15)

(/usr/local/texlive/2018/texmf-dist/tex/generic/pgf/modules/pgfmoduleshapes.cod
e.tex
File: pgfmoduleshapes.code.tex 2014/03/21  (rcs-revision 1.35)
\pgfnodeparttextbox=\box55
)
(/usr/local/texlive/2018/texmf-dist/tex/generic/pgf/modules/pgfmoduleplot.code.
tex
File: pgfmoduleplot.code.tex 2015/08/03  (rcs-revision 1.13)
)
(/usr/local/texlive/2018/texmf-dist/tex/latex/pgf/compatibility/pgfcomp-version
-0-65.sty
Package: pgfcomp-version-0-65 2007/07/03 v3.0.1a (rcs-revision 1.7)
\pgf@nodesepstart=\dimen195
\pgf@nodesepend=\dimen196
)
(/usr/local/texlive/2018/texmf-dist/tex/latex/pgf/compatibility/pgfcomp-version
-1-18.sty
Package: pgfcomp-version-1-18 2007/07/23 v3.0.1a (rcs-revision 1.1)
))
(/usr/local/texlive/2018/texmf-dist/tex/latex/pgf/compatibility/pgfarrows.sty
Package: pgfarrows 2006/10/11 v3.0.1a (rcs-revision 1.3)


Package pgfarrows Warning: This package is obsolete. pgf.sty will load arrow ma
nagement automatically on input line 17.

) (/usr/local/texlive/2018/texmf-dist/tex/latex/pgf/compatibility/pgfnodes.sty
Package: pgfnodes 2006/10/11 v3.0.1a (rcs-revision 1.3)


Package pgfnodes Warning: This package is obsolete. pgf.sty will load node mana
gement automatically on input line 17.

)
(/usr/local/texlive/2018/texmf-dist/tex/latex/pgf/compatibility/pgfautomata.sty
Package: pgfautomata 2006/10/11 v3.0.1a (rcs-revision 1.3)

Package pgfautomata Warning: This package is obsolete. on input line 17.

\pgf@stateradius=\dimen197
\pgf@mooreradius=\dimen198
\pgf@doublethickness=\dimen199
\pgf@statebackoff=\dimen256
) (/usr/local/texlive/2018/texmf-dist/tex/latex/pgf/compatibility/pgfheaps.sty
Package: pgfheaps 2006/10/11 v3.0.1a (rcs-revision 1.3)


Package pgfheaps Warning: This package is obsolete. on input line 16.

\pgf@heapx=\dimen257
\pgf@heapy=\dimen258
) (/usr/local/texlive/2018/texmf-dist/tex/latex/setspace/setspace.sty
Package: setspace 2011/12/19 v6.7a set line spacing
)
(/usr/local/texlive/2018/texmf-dist/tex/latex/base/inputenc.sty
Package: inputenc 2018/04/06 v1.3b Input encoding file
\inpenc@prehook=\toks45
\inpenc@posthook=\toks46

(/usr/local/texlive/2018/texmf-dist/tex/latex/base/latin1.def
File: latin1.def 2018/04/06 v1.3b Input encoding file
))
(/usr/local/texlive/2018/texmf-dist/tex/latex/base/fontenc.sty
Package: fontenc 2017/04/05 v2.0i Standard LaTeX package

(/usr/local/texlive/2018/texmf-dist/tex/latex/base/t1enc.def
File: t1enc.def 2017/04/05 v2.0i Standard LaTeX file
LaTeX Font Info:    Redeclaring font encoding T1 on input line 48.
))
(/usr/local/texlive/2018/texmf-dist/tex/latex/relsize/relsize.sty
Package: relsize 2013/03/29 ver 4.1
)
(/usr/local/texlive/2018/texmf-dist/tex/latex/comment/comment.sty
\CommentStream=\write5

Excluding comment 'comment')
(/usr/local/texlive/2018/texmf-dist/tex/latex/textpos/textpos.sty
Package: textpos 2016/06/07 v1.8

Package: textpos 2016/06/07 1.8, absolute positioning of text on the page
\TP@textbox=\box56
\TP@holdbox=\box57
\TPHorizModule=\dimen259
\TPVertModule=\dimen260
\TP@margin=\dimen261
\TP@absmargin=\dimen262
Grid set 16 x 16 = 28.45274pt x 16.00467pt
\TPboxrulesize=\dimen263
\TP@ox=\dimen264
\TP@oy=\dimen265
\TP@tbargs=\toks47
\TP@prevdepth=\dimen266
TextBlockOrigin set to 0pt x 0pt
)
Package hyperref Info: Option `colorlinks' set `true' on input line 37.
Package hyperref Info: Option `linktocpage' set `true' on input line 37.
 (/usr/local/texlive/2018/texmf-dist/tex/latex/natbib/natbib.sty
Package: natbib 2010/09/13 8.31b (PWD, AO)
\bibhang=\skip60
\bibsep=\skip61
LaTeX Info: Redefining \cite on input line 694.
\c@NAT@ctr=\count158
)
(/usr/local/texlive/2018/texmf-dist/tex/latex/natbib/bibentry.sty
Package: bibentry 2007/10/30 1.5 (PWD)
))
(./LectureSlides-nonparametrics.aux

LaTeX Warning: Label `class15nn' multiply defined.


LaTeX Warning: Label `class15nn' multiply defined.


LaTeX Warning: Label `loclinear2' multiply defined.


LaTeX Warning: Label `loclinear2' multiply defined.


LaTeX Warning: Label `loclinear2' multiply defined.


LaTeX Warning: Label `loclinear2' multiply defined.


LaTeX Warning: Label `loclinear2' multiply defined.

)
\openout1 = `LectureSlides-nonparametrics.aux'.

LaTeX Font Info:    Checking defaults for OML/cmm/m/it on input line 14.
LaTeX Font Info:    ... okay on input line 14.
LaTeX Font Info:    Checking defaults for T1/cmr/m/n on input line 14.
LaTeX Font Info:    ... okay on input line 14.
LaTeX Font Info:    Checking defaults for OT1/cmr/m/n on input line 14.
LaTeX Font Info:    ... okay on input line 14.
LaTeX Font Info:    Checking defaults for OMS/cmsy/m/n on input line 14.
LaTeX Font Info:    ... okay on input line 14.
LaTeX Font Info:    Checking defaults for OMX/cmex/m/n on input line 14.
LaTeX Font Info:    ... okay on input line 14.
LaTeX Font Info:    Checking defaults for U/cmr/m/n on input line 14.
LaTeX Font Info:    ... okay on input line 14.
LaTeX Font Info:    Checking defaults for PD1/pdf/m/n on input line 14.
LaTeX Font Info:    ... okay on input line 14.

*geometry* driver: auto-detecting
*geometry* detected driver: pdftex
*geometry* verbose mode - [ preamble ] result:
* driver: pdftex
* paper: custom
* layout: <same size as paper>
* layoutoffset:(h,v)=(0.0pt,0.0pt)
* modes: includehead includefoot 
* h-part:(L,W,R)=(59.22636pt, 381.79135pt, 14.22636pt)
* v-part:(T,H,B)=(0.0pt, 256.0748pt, 0.0pt)
* \paperwidth=455.24408pt
* \paperheight=256.0748pt
* \textwidth=381.79135pt
* \textheight=227.62207pt
* \oddsidemargin=-13.04362pt
* \evensidemargin=-13.04362pt
* \topmargin=-72.26999pt
* \headheight=14.22636pt
* \headsep=0.0pt
* \topskip=11.0pt
* \footskip=14.22636pt
* \marginparwidth=4.0pt
* \marginparsep=10.0pt
* \columnsep=10.0pt
* \skip\footins=10.0pt plus 4.0pt minus 2.0pt
* \hoffset=0.0pt
* \voffset=0.0pt
* \mag=1000
* \@twocolumnfalse
* \@twosidefalse
* \@mparswitchfalse
* \@reversemarginfalse
* (1in=72.27pt=25.4mm, 1cm=28.453pt)

(/usr/local/texlive/2018/texmf-dist/tex/context/base/mkii/supp-pdf.mkii
[Loading MPS to PDF converter (version 2006.09.02).]
\scratchcounter=\count159
\scratchdimen=\dimen267
\scratchbox=\box58
\nofMPsegments=\count160
\nofMParguments=\count161
\everyMPshowfont=\toks48
\MPscratchCnt=\count162
\MPscratchDim=\dimen268
\MPnumerator=\count163
\makeMPintoPDFobject=\count164
\everyMPtoPDFconversion=\toks49
) (/usr/local/texlive/2018/texmf-dist/tex/latex/oberdiek/epstopdf-base.sty
Package: epstopdf-base 2016/05/15 v2.6 Base part for package epstopdf

(/usr/local/texlive/2018/texmf-dist/tex/latex/oberdiek/grfext.sty
Package: grfext 2016/05/16 v1.2 Manage graphics extensions (HO)
)
Package epstopdf-base Info: Redefining graphics rule for `.eps' on input line 4
38.
Package grfext Info: Graphics extension search list:
(grfext)             [.pdf,.png,.jpg,.mps,.jpeg,.jbig2,.jb2,.PDF,.PNG,.JPG,.JPE
G,.JBIG2,.JB2,.eps]
(grfext)             \AppendGraphicsExtensions on input line 456.

(/usr/local/texlive/2018/texmf-dist/tex/latex/latexconfig/epstopdf-sys.cfg
File: epstopdf-sys.cfg 2010/07/13 v1.3 Configuration of (r)epstopdf for TeX Liv
e
))
ABD: EveryShipout initializing macros
\AtBeginShipoutBox=\box59
Package hyperref Info: Link coloring ON on input line 14.

(/usr/local/texlive/2018/texmf-dist/tex/latex/hyperref/nameref.sty
Package: nameref 2016/05/21 v2.44 Cross-referencing by name of section

(/usr/local/texlive/2018/texmf-dist/tex/generic/oberdiek/gettitlestring.sty
Package: gettitlestring 2016/05/16 v1.5 Cleanup title references (HO)
)
\c@section@level=\count165
)
LaTeX Info: Redefining \ref on input line 14.
LaTeX Info: Redefining \pageref on input line 14.
LaTeX Info: Redefining \nameref on input line 14.

(./LectureSlides-nonparametrics.out) (./LectureSlides-nonparametrics.out)
\@outlinefile=\write6
\openout6 = `LectureSlides-nonparametrics.out'.


(/usr/local/texlive/2018/texmf-dist/tex/latex/translator/translator-basic-dicti
onary-English.dict
Dictionary: translator-basic-dictionary, Language: English 
)
(/usr/local/texlive/2018/texmf-dist/tex/latex/translator/translator-bibliograph
y-dictionary-English.dict
Dictionary: translator-bibliography-dictionary, Language: English 
)
(/usr/local/texlive/2018/texmf-dist/tex/latex/translator/translator-environment
-dictionary-English.dict
Dictionary: translator-environment-dictionary, Language: English 
)
(/usr/local/texlive/2018/texmf-dist/tex/latex/translator/translator-months-dict
ionary-English.dict
Dictionary: translator-months-dictionary, Language: English 
)
(/usr/local/texlive/2018/texmf-dist/tex/latex/translator/translator-numbers-dic
tionary-English.dict
Dictionary: translator-numbers-dictionary, Language: English 
)
(/usr/local/texlive/2018/texmf-dist/tex/latex/translator/translator-theorem-dic
tionary-English.dict
Dictionary: translator-theorem-dictionary, Language: English 
) (./LectureSlides-nonparametrics.nav) [1{/usr/local/texlive/2018/texmf-var/fon
ts/map/pdftex/updmap/pdftex.map}

]
(./LectureSlides-nonparametrics.toc) [2

]
LaTeX Font Info:    Try loading font information for U+msa on input line 43.

(/usr/local/texlive/2018/texmf-dist/tex/latex/amsfonts/umsa.fd
File: umsa.fd 2013/01/14 v3.01 AMS symbols A
)
LaTeX Font Info:    Try loading font information for U+msb on input line 43.

(/usr/local/texlive/2018/texmf-dist/tex/latex/amsfonts/umsb.fd
File: umsb.fd 2013/01/14 v3.01 AMS symbols B
) [3

] [4

]
[5

] [6

] [7

] [8

] [9

]
<./resources/CTKernels.png, id=233, 523.9575pt x 309.40594pt>
File: ./resources/CTKernels.png Graphic file (type png)
<use ./resources/CTKernels.png>
Package pdftex.def Info: ./resources/CTKernels.png  used on input line 141.
(pdftex.def)             Requested size: 381.79135pt x 225.45844pt.

Overfull \vbox (43.94127pt too high) detected at line 141
 []

[10

 <./resources/CTKernels.png>]
<./resources/kernelfig.pdf, id=253, 353.241pt x 190.56073pt>
File: ./resources/kernelfig.pdf Graphic file (type pdf)
<use ./resources/kernelfig.pdf>
Package pdftex.def Info: ./resources/kernelfig.pdf  used on input line 150.
(pdftex.def)             Requested size: 381.79135pt x 205.97406pt.

Overfull \vbox (24.4569pt too high) detected at line 150
 []

[11

 <./resources/kernelfig.pdf>] [12

] [13

] [14

] [15

] [16

] [17

] [18

] [19

]
[20

] [21

]
<./resources/split-sample.png, id=517, 530.98375pt x 211.79124pt>
File: ./resources/split-sample.png Graphic file (type png)
<use ./resources/split-sample.png>
Package pdftex.def Info: ./resources/split-sample.png  used on input line 287.
(pdftex.def)             Requested size: 381.79135pt x 152.28598pt.
 [22

 <./resources/split-sample.png>]
<./resources/validation-10fold.png, id=536, 556.0775pt x 341.275pt>
File: ./resources/validation-10fold.png Graphic file (type png)
<use ./resources/validation-10fold.png>
Package pdftex.def Info: ./resources/validation-10fold.png  used on input line 
293.
(pdftex.def)             Requested size: 381.79135pt x 234.31352pt.

Overfull \vbox (39.19635pt too high) detected at line 293
 []

[23

 <./resources/validation-10fold.png>] [24

]
<./resources/split-cv5.png, id=574, 551.05875pt x 300.12125pt>
File: ./resources/split-cv5.png Graphic file (type png)
<use ./resources/split-cv5.png>
Package pdftex.def Info: ./resources/split-cv5.png  used on input line 313.
(pdftex.def)             Requested size: 381.79135pt x 207.94025pt.

Overfull \vbox (12.82307pt too high) detected at line 313
 []

[25

 <./resources/split-cv5.png>] [26

]
<./resources/comparison-cv.png, id=609, 545.03625pt x 341.275pt>
File: ./resources/comparison-cv.png Graphic file (type png)
<use ./resources/comparison-cv.png>
Package pdftex.def Info: ./resources/comparison-cv.png  used on input line 331.

(pdftex.def)             Requested size: 381.79135pt x 239.0575pt.

Overfull \vbox (43.94032pt too high) detected at line 331
 []

[27

 <./resources/comparison-cv.png>] [28

] [29

] [30

] [31

] [32

] [33

] [34

]
[35

] [36

] [37

] [38

] [39

] [40

] [41

] [42


] [43

] [44

] [45

]
<./resources/classifierOLS.pdf, id=921, 336.55696pt x 324.53506pt>
File: ./resources/classifierOLS.pdf Graphic file (type pdf)
<use ./resources/classifierOLS.pdf>
Package pdftex.def Info: ./resources/classifierOLS.pdf  used on input line 576.

(pdftex.def)             Requested size: 240.48233pt x 231.89046pt.

Overfull \vbox (21.77328pt too high) detected at line 576
 []

[46

 <./resources/classifierOLS.pdf>] [47

] [48

]
<./resources/classifier15nn.pdf, id=1031, 335.99318pt x 314.911pt>
File: ./resources/classifier15nn.pdf Graphic file (type pdf)
<use ./resources/classifier15nn.pdf>
Package pdftex.def Info: ./resources/classifier15nn.pdf  used on input line 613
.
(pdftex.def)             Requested size: 252.94499pt x 237.07642pt.

Overfull \vbox (26.95924pt too high) detected at line 613
 []

[49

 <./resources/classifier15nn.pdf>]
<./resources/classifier1nn.pdf, id=1085, 344.22432pt x 299.53976pt>
File: ./resources/classifier1nn.pdf Graphic file (type pdf)
<use ./resources/classifier1nn.pdf>
Package pdftex.def Info: ./resources/classifier1nn.pdf  used on input line 624.

(pdftex.def)             Requested size: 252.94499pt x 220.11107pt.
pdfTeX warning (ext4): destination with the same identifier (name{class15nn}) h
as been already used, duplicate ignored
<to be read again> 
                   \relax 
l.624 \end{frame}
                 
Overfull \vbox (9.9939pt too high) detected at line 624
 []

[50

 <./resources/classifier1nn.pdf>] Excluding 'comment' comment. [51

] [52

]
[53

]
<./resources/figure26.pdf, id=1188, 371.15204pt x 254.99115pt>
File: ./resources/figure26.pdf Graphic file (type pdf)
<use ./resources/figure26.pdf>
Package pdftex.def Info: ./resources/figure26.pdf  used on input line 683.
(pdftex.def)             Requested size: 381.79135pt x 262.31699pt.
pdfTeX warning (ext4): destination with the same identifier (name{class15nn}) h
as been already used, duplicate ignored
<to be read again> 
                   \relax 
l.683 \end{frame}
                 
Overfull \vbox (80.79982pt too high) detected at line 683
 []

[54

 <./resources/figure26.pdf>] [55

] [56

] [57

] [58

] [59

]
Excluding 'comment' comment. [60

] [61

] [62

] Excluding 'comment' comment.
[63

] [64

] Excluding 'comment' comment. [65

] [66

] [67


]
<./resources/CTsimulation.png, id=1477, 548.0475pt x 174.6525pt>
File: ./resources/CTsimulation.png Graphic file (type png)
<use ./resources/CTsimulation.png>
Package pdftex.def Info: ./resources/CTsimulation.png  used on input line 957.
(pdftex.def)             Requested size: 381.79135pt x 121.67227pt.
 [68

 <./resources/CTsimulation.png>]
<./resources/CTknn.png, id=1496, 347.04657pt x 254.45062pt>
File: ./resources/CTknn.png Graphic file (type png)
<use ./resources/CTknn.png>
Package pdftex.def Info: ./resources/CTknn.png  used on input line 966.
(pdftex.def)             Requested size: 260.28429pt x 190.8375pt.
 [69

 <./resources/CTknn.png>]
<./resources/CTlowess.png, id=1515, 353.82187pt x 255.20343pt>
File: ./resources/CTlowess.png Graphic file (type png)
<use ./resources/CTlowess.png>
Package pdftex.def Info: ./resources/CTlowess.png  used on input line 975.
(pdftex.def)             Requested size: 265.36574pt x 191.4021pt.
pdfTeX warning (ext4): destination with the same identifier (name{loclinear2}) 
has been already used, duplicate ignored
<to be read again> 
                   \relax 
l.975 \end{frame}
                  [70

 <./resources/CTlowess.png>]
<./resources/MSTAbstract.png, id=1533, 667.74469pt x 434.37282pt>
File: ./resources/MSTAbstract.png Graphic file (type png)
<use ./resources/MSTAbstract.png>
Package pdftex.def Info: ./resources/MSTAbstract.png  used on input line 984.
(pdftex.def)             Requested size: 381.79135pt x 248.36392pt.
pdfTeX warning (ext4): destination with the same identifier (name{loclinear2}) 
has been already used, duplicate ignored
<to be read again> 
                   \relax 
l.984 \end{frame}
                 
Overfull \vbox (36.55838pt too high) detected at line 984
 []

[71

 <./resources/MSTAbstract.png>]
<./resources/MSTRegression.png, id=1552, 515.67656pt x 240.9pt>
File: ./resources/MSTRegression.png Graphic file (type png)
<use ./resources/MSTRegression.png>
Package pdftex.def Info: ./resources/MSTRegression.png  used on input line 993.

(pdftex.def)             Requested size: 343.60988pt x 160.52362pt.
pdfTeX warning (ext4): destination with the same identifier (name{loclinear2}) 
has been already used, duplicate ignored
<to be read again> 
                   \relax 
l.993 \end{frame}
                  [72

 <./resources/MSTRegression.png>]
<./resources/MSTGradient.png, id=1570, 630.10406pt x 405.01312pt>
File: ./resources/MSTGradient.png Graphic file (type png)
<use ./resources/MSTGradient.png>
Package pdftex.def Info: ./resources/MSTGradient.png  used on input line 1004.
(pdftex.def)             Requested size: 381.79135pt x 245.40758pt.
pdfTeX warning (ext4): destination with the same identifier (name{loclinear2}) 
has been already used, duplicate ignored
<to be read again> 
                   \relax 
l.1004 \end{frame}
                  
Overfull \vbox (84.61905pt too high) detected at line 1004
 []

[73

 <./resources/MSTGradient.png>] [74

] [75

] [76

] [77

] [78

] [79

] [80

]
LaTeX Font Info:    Try loading font information for T1+cmtt on input line 1125
.

(/usr/local/texlive/2018/texmf-dist/tex/latex/base/t1cmtt.fd
File: t1cmtt.fd 2014/09/29 v2.5h Standard LaTeX font definitions
) [81

]

pdfTeX warning: pdflatex (file ./resources/zivotLearning.pdf): PDF inclusion: f
ound PDF version <1.7>, but at most version <1.5> allowed
<./resources/zivotLearning.pdf, id=1719, page=1, 794.97pt x 614.295pt>
File: ./resources/zivotLearning.pdf Graphic file (type pdf)
<use ./resources/zivotLearning.pdf, page 1>
Package pdftex.def Info: ./resources/zivotLearning.pdf , page1 used on input li
ne 1137.
(pdftex.def)             Requested size: 381.79135pt x 280.52113pt.

Overfull \vbox (97.7326pt too high) detected at line 1137
 []

[82

 <./resources/zivotLearning.pdf, page is rotated 90 degrees>]

pdfTeX warning: pdflatex (file ./resources/zivotLearning.pdf): PDF inclusion: f
ound PDF version <1.7>, but at most version <1.5> allowed
<./resources/zivotLearning.pdf, id=1764, page=2, 794.97pt x 614.295pt>
File: ./resources/zivotLearning.pdf Graphic file (type pdf)
<use ./resources/zivotLearning.pdf, page 2>
Package pdftex.def Info: ./resources/zivotLearning.pdf , page2 used on input li
ne 1141.
(pdftex.def)             Requested size: 381.79135pt x 280.52113pt.

Overfull \vbox (30.1368pt too high) detected at line 1141
 []

[83

 <./resources/zivotLearning.pdf, page is rotated 90 degrees>]

pdfTeX warning: pdflatex (file ./resources/zivotLearning.pdf): PDF inclusion: f
ound PDF version <1.7>, but at most version <1.5> allowed
<./resources/zivotLearning.pdf, id=1787, page=3, 794.97pt x 614.295pt>
File: ./resources/zivotLearning.pdf Graphic file (type pdf)
<use ./resources/zivotLearning.pdf, page 3>
Package pdftex.def Info: ./resources/zivotLearning.pdf , page3 used on input li
ne 1145.
(pdftex.def)             Requested size: 381.79135pt x 280.52113pt.

Overfull \vbox (30.1368pt too high) detected at line 1145
 []

[84

 <./resources/zivotLearning.pdf, page is rotated 90 degrees>]

pdfTeX warning: pdflatex (file ./resources/zivotLearning.pdf): PDF inclusion: f
ound PDF version <1.7>, but at most version <1.5> allowed
<./resources/zivotLearning.pdf, id=1830, page=4, 794.97pt x 614.295pt>
File: ./resources/zivotLearning.pdf Graphic file (type pdf)
<use ./resources/zivotLearning.pdf, page 4>
Package pdftex.def Info: ./resources/zivotLearning.pdf , page4 used on input li
ne 1149.
(pdftex.def)             Requested size: 381.79135pt x 280.52113pt.

Overfull \vbox (30.1368pt too high) detected at line 1149
 []

[85

 <./resources/zivotLearning.pdf, page is rotated 90 degrees>]

pdfTeX warning: pdflatex (file ./resources/zivotLearning.pdf): PDF inclusion: f
ound PDF version <1.7>, but at most version <1.5> allowed
<./resources/zivotLearning.pdf, id=1859, page=5, 794.97pt x 614.295pt>
File: ./resources/zivotLearning.pdf Graphic file (type pdf)
<use ./resources/zivotLearning.pdf, page 5>
Package pdftex.def Info: ./resources/zivotLearning.pdf , page5 used on input li
ne 1153.
(pdftex.def)             Requested size: 381.79135pt x 280.52113pt.

Overfull \vbox (30.1368pt too high) detected at line 1153
 []

[86

 <./resources/zivotLearning.pdf, page is rotated 90 degrees>]

pdfTeX warning: pdflatex (file ./resources/zivotLearning.pdf): PDF inclusion: f
ound PDF version <1.7>, but at most version <1.5> allowed
<./resources/zivotLearning.pdf, id=1902, page=6, 794.97pt x 614.295pt>
File: ./resources/zivotLearning.pdf Graphic file (type pdf)
<use ./resources/zivotLearning.pdf, page 6>
Package pdftex.def Info: ./resources/zivotLearning.pdf , page6 used on input li
ne 1157.
(pdftex.def)             Requested size: 381.79135pt x 280.52113pt.

Overfull \vbox (30.1368pt too high) detected at line 1157
 []

[87

 <./resources/zivotLearning.pdf, page is rotated 90 degrees>] [88

] [89

]
[90


] [91

] [92

] [93


]
Overfull \vbox (25.31631pt too high) detected at line 1250
 []

[94

] [95

] [96

] [97

] [98

] [99

] [100

] [101

] [102

] [103

] [104

] [105

]
<./resources/ESLPiecewise.png, id=2244, 484.05844pt x 616.55344pt>
File: ./resources/ESLPiecewise.png Graphic file (type png)
<use ./resources/ESLPiecewise.png>
Package pdftex.def Info: ./resources/ESLPiecewise.png  used on input line 1389.

(pdftex.def)             Requested size: 191.64046pt x 244.09601pt.

Overfull \vbox (18.69046pt too high) detected at line 1389
 []

[106

 <./resources/ESLPiecewise.png>] [107

] [108

]
<./resources/ESLPiecewiseCubic.png, id=2295, 482.55281pt x 523.20468pt>
File: ./resources/ESLPiecewiseCubic.png Graphic file (type png)
<use ./resources/ESLPiecewiseCubic.png>
Package pdftex.def Info: ./resources/ESLPiecewiseCubic.png  used on input line 
1429.
(pdftex.def)             Requested size: 225.1284pt x 244.09601pt.

Overfull \vbox (18.69046pt too high) detected at line 1429
 []

[109

 <./resources/ESLPiecewiseCubic.png>] [110

] [111

] [112

]
Excluding 'comment' comment. [113

]
<./resources/CTSemiPExamples.png, id=2378, 523.20468pt x 239.39438pt>
File: ./resources/CTSemiPExamples.png Graphic file (type png)
<use ./resources/CTSemiPExamples.png>
Package pdftex.def Info: ./resources/CTSemiPExamples.png  used on input line 15
18.
(pdftex.def)             Requested size: 381.79135pt x 174.69434pt.
pdfTeX warning (ext4): destination with the same identifier (name{loclinear2}) 
has been already used, duplicate ignored
<to be read again> 
                   \relax 
l.1518 \end{frame}
                  
Overfull \vbox (14.51407pt too high) detected at line 1518
 []

[114

 <./resources/CTSemiPExamples.png>] [115

] [116

] [117

] [118

] [119

] [120

]
[121

] [122


] [123

] (./LectureSlides-nonparametrics.bbl) [124

]
\tf@nav=\write7
\openout7 = `LectureSlides-nonparametrics.nav'.

\tf@toc=\write8
\openout8 = `LectureSlides-nonparametrics.toc'.

\tf@snm=\write9
\openout9 = `LectureSlides-nonparametrics.snm'.

Package atveryend Info: Empty hook `BeforeClearDocument' on input line 1611.
Package atveryend Info: Empty hook `AfterLastShipout' on input line 1611.

(./LectureSlides-nonparametrics.aux)
Package atveryend Info: Executing hook `AtVeryEndDocument' on input line 1611.
Package atveryend Info: Executing hook `AtEndAfterFileList' on input line 1611.

Package rerunfilecheck Info: File `LectureSlides-nonparametrics.out' has not ch
anged.
(rerunfilecheck)             Checksum: EEB51F1BDCA2CA7BDCA9F1862889E5D5;554.


LaTeX Warning: There were multiply-defined labels.

 ) 
Here is how much of TeX's memory you used:
 19725 strings out of 492649
 370591 string characters out of 6129622
 460517 words of memory out of 5000000
 22822 multiletter control sequences out of 15000+600000
 19878 words of font info for 60 fonts, out of 8000000 for 9000
 1141 hyphenation exceptions out of 8191
 58i,20n,62p,848b,630s stack positions out of 5000i,500n,10000p,200000b,80000s
{/usr/local/texlive/2018/texmf-dist/fonts/enc/dvips/cm-super/cm-super-t1.enc}
</usr/local/texlive/2018/texmf-dist/fonts/type1/public/amsfonts/cm/cmbx10.pfb><
/usr/local/texlive/2018/texmf-dist/fonts/type1/public/amsfonts/cm/cmbx6.pfb></u
sr/local/texlive/2018/texmf-dist/fonts/type1/public/amsfonts/cm/cmbx8.pfb></usr
/local/texlive/2018/texmf-dist/fonts/type1/public/amsfonts/cm/cmbx9.pfb></usr/l
ocal/texlive/2018/texmf-dist/fonts/type1/public/amsfonts/cm/cmex10.pfb></usr/lo
cal/texlive/2018/texmf-dist/fonts/type1/public/amsfonts/cm/cmmi10.pfb></usr/loc
al/texlive/2018/texmf-dist/fonts/type1/public/amsfonts/cm/cmmi12.pfb></usr/loca
l/texlive/2018/texmf-dist/fonts/type1/public/amsfonts/cm/cmmi5.pfb></usr/local/
texlive/2018/texmf-dist/fonts/type1/public/amsfonts/cm/cmmi6.pfb></usr/local/te
xlive/2018/texmf-dist/fonts/type1/public/amsfonts/cm/cmmi7.pfb></usr/local/texl
ive/2018/texmf-dist/fonts/type1/public/amsfonts/cm/cmmi8.pfb></usr/local/texliv
e/2018/texmf-dist/fonts/type1/public/amsfonts/cm/cmmi9.pfb></usr/local/texlive/
2018/texmf-dist/fonts/type1/public/amsfonts/cm/cmr10.pfb></usr/local/texlive/20
18/texmf-dist/fonts/type1/public/amsfonts/cm/cmr12.pfb></usr/local/texlive/2018
/texmf-dist/fonts/type1/public/amsfonts/cm/cmr5.pfb></usr/local/texlive/2018/te
xmf-dist/fonts/type1/public/amsfonts/cm/cmr6.pfb></usr/local/texlive/2018/texmf
-dist/fonts/type1/public/amsfonts/cm/cmr7.pfb></usr/local/texlive/2018/texmf-di
st/fonts/type1/public/amsfonts/cm/cmr8.pfb></usr/local/texlive/2018/texmf-dist/
fonts/type1/public/amsfonts/cm/cmr9.pfb></usr/local/texlive/2018/texmf-dist/fon
ts/type1/public/amsfonts/cm/cmsy10.pfb></usr/local/texlive/2018/texmf-dist/font
s/type1/public/amsfonts/cm/cmsy6.pfb></usr/local/texlive/2018/texmf-dist/fonts/
type1/public/amsfonts/cm/cmsy7.pfb></usr/local/texlive/2018/texmf-dist/fonts/ty
pe1/public/amsfonts/cm/cmsy8.pfb></usr/local/texlive/2018/texmf-dist/fonts/type
1/public/amsfonts/cm/cmti10.pfb></usr/local/texlive/2018/texmf-dist/fonts/type1
/public/amsfonts/cm/cmti12.pfb></usr/local/texlive/2018/texmf-dist/fonts/type1/
public/amsfonts/cm/cmti9.pfb></usr/local/texlive/2018/texmf-dist/fonts/type1/pu
blic/amsfonts/cm/cmtt9.pfb></usr/local/texlive/2018/texmf-dist/fonts/type1/publ
ic/amsfonts/symbols/msbm10.pfb></usr/local/texlive/2018/texmf-dist/fonts/type1/
public/cm-super/sfsi1095.pfb></usr/local/texlive/2018/texmf-dist/fonts/type1/pu
blic/cm-super/sfss0500.pfb></usr/local/texlive/2018/texmf-dist/fonts/type1/publ
ic/cm-super/sfss0600.pfb></usr/local/texlive/2018/texmf-dist/fonts/type1/public
/cm-super/sfss0800.pfb></usr/local/texlive/2018/texmf-dist/fonts/type1/public/c
m-super/sfss1000.pfb></usr/local/texlive/2018/texmf-dist/fonts/type1/public/cm-
super/sfss1095.pfb></usr/local/texlive/2018/texmf-dist/fonts/type1/public/cm-su
per/sfss1440.pfb></usr/local/texlive/2018/texmf-dist/fonts/type1/public/cm-supe
r/sfsx1095.pfb></usr/local/texlive/2018/texmf-dist/fonts/type1/public/cm-super/
sftt1095.pfb>
Output written on LectureSlides-nonparametrics.pdf (124 pages, 2171717 bytes).
PDF statistics:
 2711 PDF objects out of 2984 (max. 8388607)
 2376 compressed objects within 24 object streams
 267 named destinations out of 1000 (max. 500000)
 284 words of extra memory for PDF output out of 10000 (max. 10000000)

